2025-11-11 16:53:26,291 INFO: QIJC app starting [in C:\inetpub\wwwroot\QIJC-1\app\__init__.py:52]
2025-11-11 16:53:42,097 INFO: Queueing email to 1 recipients subject=TEST [in C:\inetpub\wwwroot\QIJC-1\app\email.py:21]
2025-11-11 16:53:44,825 ERROR: Email send failed: (500, b'Line too long (see RFC5321 4.5.3.1.6)') [in C:\inetpub\wwwroot\QIJC-1\app\email.py:14]
Traceback (most recent call last):
  File "C:\inetpub\wwwroot\QIJC-1\app\email.py", line 11, in send_async_email
    mail.send(msg)
    ~~~~~~~~~^^^^^
  File "C:\inetpub\wwwroot\QIJC-1\venv\Lib\site-packages\flask_mail\__init__.py", line 540, in send
    message.send(connection)
    ~~~~~~~~~~~~^^^^^^^^^^^^
  File "C:\inetpub\wwwroot\QIJC-1\venv\Lib\site-packages\flask_mail\__init__.py", line 482, in send
    connection.send(self)
    ~~~~~~~~~~~~~~~^^^^^^
  File "C:\inetpub\wwwroot\QIJC-1\venv\Lib\site-packages\flask_mail\__init__.py", line 177, in send
    self.host.sendmail(
    ~~~~~~~~~~~~~~~~~~^
        sanitize_address(envelope_from or message.sender),
        ^^^^^^^^^^^^^^^^^^^^^^^^^^^^^^^^^^^^^^^^^^^^^^^^^^
    ...<3 lines>...
        message.rcpt_options,
        ^^^^^^^^^^^^^^^^^^^^^
    )
    ^
  File "C:\Python\Python313\Lib\smtplib.py", line 897, in sendmail
    raise SMTPDataError(code, resp)
smtplib.SMTPDataError: (500, b'Line too long (see RFC5321 4.5.3.1.6)')
2025-11-11 16:57:16,599 INFO: QIJC app starting [in C:\inetpub\wwwroot\QIJC-1\app\__init__.py:52]
2025-11-11 16:57:17,898 INFO: Queueing email to 1 recipients subject=testing [in C:\inetpub\wwwroot\QIJC-1\app\email.py:32]
2025-11-11 16:57:20,704 ERROR: Email send failed for chunk: (500, b'Line too long (see RFC5321 4.5.3.1.6)') [in C:\inetpub\wwwroot\QIJC-1\app\email.py:26]
Traceback (most recent call last):
  File "C:\inetpub\wwwroot\QIJC-1\app\email.py", line 23, in send_async_email
    mail.send(msg)
    ~~~~~~~~~^^^^^
  File "C:\inetpub\wwwroot\QIJC-1\venv\Lib\site-packages\flask_mail\__init__.py", line 540, in send
    message.send(connection)
    ~~~~~~~~~~~~^^^^^^^^^^^^
  File "C:\inetpub\wwwroot\QIJC-1\venv\Lib\site-packages\flask_mail\__init__.py", line 482, in send
    connection.send(self)
    ~~~~~~~~~~~~~~~^^^^^^
  File "C:\inetpub\wwwroot\QIJC-1\venv\Lib\site-packages\flask_mail\__init__.py", line 177, in send
    self.host.sendmail(
    ~~~~~~~~~~~~~~~~~~^
        sanitize_address(envelope_from or message.sender),
        ^^^^^^^^^^^^^^^^^^^^^^^^^^^^^^^^^^^^^^^^^^^^^^^^^^
    ...<3 lines>...
        message.rcpt_options,
        ^^^^^^^^^^^^^^^^^^^^^
    )
    ^
  File "C:\Python\Python313\Lib\smtplib.py", line 897, in sendmail
    raise SMTPDataError(code, resp)
smtplib.SMTPDataError: (500, b'Line too long (see RFC5321 4.5.3.1.6)')
2025-11-11 17:17:09,386 INFO: QIJC app starting [in C:\inetpub\wwwroot\QIJC-1\app\__init__.py:52]
2025-11-11 18:29:47,482 INFO: QIJC app starting [in C:\inetpub\wwwroot\QIJC-1\app\__init__.py:52]
2025-11-11 18:50:21,696 INFO: QIJC app starting [in C:\inetpub\wwwroot\QIJC-1\app\__init__.py:52]
2025-11-11 20:02:17,951 INFO: QIJC app starting [in C:\inetpub\wwwroot\QIJC-1\app\__init__.py:52]
2025-11-11 20:19:19,109 INFO: QIJC app starting [in C:\inetpub\wwwroot\QIJC-1\app\__init__.py:52]
2025-11-11 21:20:06,560 INFO: QIJC app starting [in C:\inetpub\wwwroot\QIJC-1\app\__init__.py:52]
2025-11-11 21:20:42,071 INFO: Queueing email to 1 recipients subject=test [in C:\inetpub\wwwroot\QIJC-1\app\email.py:50]
2025-11-11 21:20:42,752 INFO: Prepared message length=4783551 recipients=1 [in C:\inetpub\wwwroot\QIJC-1\app\email.py:30]
2025-11-11 21:20:42,820 WARNING: Found long lines in message: [(24, 2906), (1544, 1796), (1670, 1975), (1929, 3966), (2140, 1041), (2499, 1775), (3430, 1104), (3465, 1474), (3576, 2650), (5153, 1209)] [in C:\inetpub\wwwroot\QIJC-1\app\email.py:34]
2025-11-11 21:20:42,839 WARNING: Line 24 (len=2906): Anthony Ransford, M. S. Allman, Jake Arkinstall, J. P. Campora III, Samuel F. Cooper, Robert D. Delaney, Joan M. Dreiling, Brian Estey, Caroline Figgatt, Alex Hall, Ali A. Husain, Akhil Isanaka, Colin... [in C:\inetpub\wwwroot\QIJC-1\app\email.py:38]
2025-11-11 21:20:45,717 ERROR: Email send failed for chunk: (500, b'Line too long (see RFC5321 4.5.3.1.6)') [in C:\inetpub\wwwroot\QIJC-1\app\email.py:44]
Traceback (most recent call last):
  File "C:\inetpub\wwwroot\QIJC-1\app\email.py", line 41, in send_async_email
    mail.send(msg)
    ~~~~~~~~~^^^^^
  File "C:\inetpub\wwwroot\QIJC-1\venv\Lib\site-packages\flask_mail\__init__.py", line 540, in send
    message.send(connection)
    ~~~~~~~~~~~~^^^^^^^^^^^^
  File "C:\inetpub\wwwroot\QIJC-1\venv\Lib\site-packages\flask_mail\__init__.py", line 482, in send
    connection.send(self)
    ~~~~~~~~~~~~~~~^^^^^^
  File "C:\inetpub\wwwroot\QIJC-1\venv\Lib\site-packages\flask_mail\__init__.py", line 177, in send
    self.host.sendmail(
    ~~~~~~~~~~~~~~~~~~^
        sanitize_address(envelope_from or message.sender),
        ^^^^^^^^^^^^^^^^^^^^^^^^^^^^^^^^^^^^^^^^^^^^^^^^^^
    ...<3 lines>...
        message.rcpt_options,
        ^^^^^^^^^^^^^^^^^^^^^
    )
    ^
  File "C:\Python\Python313\Lib\smtplib.py", line 897, in sendmail
    raise SMTPDataError(code, resp)
smtplib.SMTPDataError: (500, b'Line too long (see RFC5321 4.5.3.1.6)')
2025-11-11 21:24:41,273 INFO: QIJC app starting [in C:\inetpub\wwwroot\QIJC-1\app\__init__.py:52]
2025-11-11 21:26:57,898 INFO: Prepared message length=4783863 recipients=1 [in C:\inetpub\wwwroot\QIJC-1\app\email.py:61]
2025-11-11 21:28:02,116 INFO: QIJC app starting [in C:\inetpub\wwwroot\QIJC-1\app\__init__.py:52]
2025-11-11 21:28:40,746 INFO: Queueing email to 1 recipients subject=testING [in C:\inetpub\wwwroot\QIJC-1\app\email.py:79]
2025-11-11 21:28:42,195 INFO: Prepared message length=4783851 recipients=1 [in C:\inetpub\wwwroot\QIJC-1\app\email.py:61]
2025-11-11 21:30:18,227 INFO: Email sent to 1 recipients subject=testING [in C:\inetpub\wwwroot\QIJC-1\app\email.py:71]
2025-11-11 21:34:03,365 INFO: QIJC app starting [in C:\inetpub\wwwroot\QIJC-1\app\__init__.py:52]
2025-11-11 21:34:04,928 INFO: Prepared message length=4783858 recipients=1 [in C:\inetpub\wwwroot\QIJC-1\app\email.py:77]
2025-11-11 21:34:09,040 ERROR: Email send failed for chunk: [WinError 10061] No connection could be made because the target machine actively refused it [in C:\inetpub\wwwroot\QIJC-1\app\email.py:89]
Traceback (most recent call last):
  File "C:\inetpub\wwwroot\QIJC-1\app\email.py", line 86, in send_async_email
    mail.send(msg)
    ~~~~~~~~~^^^^^
  File "C:\inetpub\wwwroot\QIJC-1\venv\Lib\site-packages\flask_mail\__init__.py", line 539, in send
    with self.connect() as connection:
         ~~~~~~~~~~~~^^
  File "C:\inetpub\wwwroot\QIJC-1\venv\Lib\site-packages\flask_mail\__init__.py", line 127, in __enter__
    self.host = self.configure_host()
                ~~~~~~~~~~~~~~~~~~~^^
  File "C:\inetpub\wwwroot\QIJC-1\venv\Lib\site-packages\flask_mail\__init__.py", line 144, in configure_host
    host = smtplib.SMTP(self.mail.server, self.mail.port)
  File "C:\Python\Python313\Lib\smtplib.py", line 255, in __init__
    (code, msg) = self.connect(host, port)
                  ~~~~~~~~~~~~^^^^^^^^^^^^
  File "C:\Python\Python313\Lib\smtplib.py", line 341, in connect
    self.sock = self._get_socket(host, port, self.timeout)
                ~~~~~~~~~~~~~~~~^^^^^^^^^^^^^^^^^^^^^^^^^^
  File "C:\Python\Python313\Lib\smtplib.py", line 312, in _get_socket
    return socket.create_connection((host, port), timeout,
           ~~~~~~~~~~~~~~~~~~~~~~~~^^^^^^^^^^^^^^^^^^^^^^^
                                    self.source_address)
                                    ^^^^^^^^^^^^^^^^^^^^
  File "C:\Python\Python313\Lib\socket.py", line 864, in create_connection
    raise exceptions[0]
  File "C:\Python\Python313\Lib\socket.py", line 849, in create_connection
    sock.connect(sa)
    ~~~~~~~~~~~~^^^^
ConnectionRefusedError: [WinError 10061] No connection could be made because the target machine actively refused it
2025-11-11 21:37:40,198 INFO: QIJC app starting [in C:\inetpub\wwwroot\QIJC-1\app\__init__.py:52]
2025-11-11 22:54:29,805 INFO: QIJC app starting [in C:\inetpub\wwwroot\QIJC-1\app\__init__.py:52]
2025-11-11 23:00:05,838 INFO: QIJC app starting [in C:\inetpub\wwwroot\QIJC-1\app\__init__.py:52]
2025-11-11 23:22:32,160 INFO: QIJC app starting [in C:\inetpub\wwwroot\QIJC-1\app\__init__.py:52]
2025-11-11 23:27:42,183 INFO: QIJC app starting [in C:\inetpub\wwwroot\QIJC-1\app\__init__.py:52]
2025-11-12 00:02:14,367 INFO: QIJC app starting [in C:\inetpub\wwwroot\QIJC-1\app\__init__.py:52]
2025-11-12 02:06:01,175 INFO: QIJC app starting [in C:\inetpub\wwwroot\QIJC-1\app\__init__.py:52]
2025-11-12 02:37:52,629 INFO: QIJC app starting [in C:\inetpub\wwwroot\QIJC-1\app\__init__.py:52]
2025-11-12 02:44:06,287 INFO: QIJC app starting [in C:\inetpub\wwwroot\QIJC-1\app\__init__.py:52]
2025-11-12 03:01:28,023 INFO: QIJC app starting [in C:\inetpub\wwwroot\QIJC-1\app\__init__.py:52]
2025-11-12 05:00:05,457 INFO: QIJC app starting [in C:\inetpub\wwwroot\QIJC-1\app\__init__.py:52]
2025-11-12 05:25:40,004 INFO: QIJC app starting [in C:\inetpub\wwwroot\QIJC-1\app\__init__.py:52]
2025-11-12 06:26:47,986 INFO: QIJC app starting [in C:\inetpub\wwwroot\QIJC-1\app\__init__.py:52]
2025-11-12 07:02:01,913 INFO: QIJC app starting [in C:\inetpub\wwwroot\QIJC-1\app\__init__.py:52]
2025-11-12 07:52:16,282 INFO: QIJC app starting [in C:\inetpub\wwwroot\QIJC-1\app\__init__.py:52]
2025-11-12 08:06:21,150 INFO: QIJC app starting [in C:\inetpub\wwwroot\QIJC-1\app\__init__.py:52]
2025-11-12 08:26:04,191 INFO: QIJC app starting [in C:\inetpub\wwwroot\QIJC-1\app\__init__.py:52]
2025-11-12 08:35:49,988 INFO: QIJC app starting [in C:\inetpub\wwwroot\QIJC-1\app\__init__.py:52]
2025-11-12 08:50:51,669 INFO: QIJC app starting [in C:\inetpub\wwwroot\QIJC-1\app\__init__.py:52]
2025-11-12 09:02:41,898 INFO: QIJC app starting [in C:\inetpub\wwwroot\QIJC-1\app\__init__.py:52]
2025-11-12 09:18:57,459 INFO: QIJC app starting [in C:\inetpub\wwwroot\QIJC-1\app\__init__.py:52]
2025-11-12 09:42:38,305 INFO: QIJC app starting [in C:\inetpub\wwwroot\QIJC-1\app\__init__.py:52]
2025-11-12 09:57:30,447 INFO: QIJC app starting [in C:\inetpub\wwwroot\QIJC-1\app\__init__.py:52]
2025-11-12 10:25:58,596 INFO: QIJC app starting [in C:\inetpub\wwwroot\QIJC-1\app\__init__.py:52]
2025-11-12 11:02:42,446 INFO: QIJC app starting [in C:\inetpub\wwwroot\QIJC-1\app\__init__.py:52]
2025-11-12 12:17:01,703 INFO: QIJC app starting [in C:\inetpub\wwwroot\QIJC-1\app\__init__.py:52]
2025-11-12 12:28:38,324 INFO: QIJC app starting [in C:\inetpub\wwwroot\QIJC-1\app\__init__.py:52]
2025-11-12 12:45:59,961 INFO: QIJC app starting [in C:\inetpub\wwwroot\QIJC-1\app\__init__.py:52]
2025-11-12 13:05:05,900 INFO: QIJC app starting [in C:\inetpub\wwwroot\QIJC-1\app\__init__.py:52]
2025-11-12 13:17:38,130 INFO: QIJC app starting [in C:\inetpub\wwwroot\QIJC-1\app\__init__.py:52]
2025-11-12 14:01:50,963 INFO: QIJC app starting [in C:\inetpub\wwwroot\QIJC-1\app\__init__.py:52]
2025-11-12 14:07:13,287 INFO: QIJC app starting [in C:\inetpub\wwwroot\QIJC-1\app\__init__.py:52]
2025-11-12 14:30:21,985 INFO: QIJC app starting [in C:\inetpub\wwwroot\QIJC-1\app\__init__.py:52]
2025-11-12 15:47:05,344 INFO: QIJC app starting [in C:\inetpub\wwwroot\QIJC-1\app\__init__.py:52]
2025-11-12 16:09:34,416 INFO: QIJC app starting [in C:\inetpub\wwwroot\QIJC-1\app\__init__.py:52]
2025-11-12 16:33:02,276 INFO: QIJC app starting [in C:\inetpub\wwwroot\QIJC-1\app\__init__.py:52]
2025-11-12 16:41:04,660 INFO: QIJC app starting [in C:\inetpub\wwwroot\QIJC-1\app\__init__.py:52]
2025-11-12 17:17:38,815 INFO: QIJC app starting [in C:\inetpub\wwwroot\QIJC-1\app\__init__.py:52]
2025-11-12 17:36:34,056 INFO: QIJC app starting [in C:\inetpub\wwwroot\QIJC-1\app\__init__.py:52]
2025-11-12 18:06:41,905 INFO: QIJC app starting [in C:\inetpub\wwwroot\QIJC-1\app\__init__.py:52]
2025-11-12 19:01:12,250 INFO: QIJC app starting [in C:\inetpub\wwwroot\QIJC-1\app\__init__.py:52]
2025-11-12 19:06:52,877 INFO: QIJC app starting [in C:\inetpub\wwwroot\QIJC-1\app\__init__.py:52]
2025-11-12 20:03:01,865 INFO: QIJC app starting [in C:\inetpub\wwwroot\QIJC-1\app\__init__.py:52]
2025-11-12 20:28:32,326 INFO: QIJC app starting [in C:\inetpub\wwwroot\QIJC-1\app\__init__.py:52]
2025-11-12 21:07:39,980 INFO: QIJC app starting [in C:\inetpub\wwwroot\QIJC-1\app\__init__.py:52]
2025-11-12 21:16:02,679 INFO: QIJC app starting [in C:\inetpub\wwwroot\QIJC-1\app\__init__.py:52]
2025-11-12 21:43:55,277 INFO: QIJC app starting [in C:\inetpub\wwwroot\QIJC-1\app\__init__.py:52]
2025-11-12 22:28:07,218 INFO: QIJC app starting [in C:\inetpub\wwwroot\QIJC-1\app\__init__.py:52]
2025-11-12 22:50:16,109 INFO: QIJC app starting [in C:\inetpub\wwwroot\QIJC-1\app\__init__.py:52]
2025-11-12 23:24:38,033 INFO: QIJC app starting [in C:\inetpub\wwwroot\QIJC-1\app\__init__.py:52]
2025-11-12 23:38:17,147 INFO: QIJC app starting [in C:\inetpub\wwwroot\QIJC-1\app\__init__.py:52]
2025-11-13 00:11:25,199 INFO: QIJC app starting [in C:\inetpub\wwwroot\QIJC-1\app\__init__.py:52]
2025-11-13 00:42:25,575 INFO: QIJC app starting [in C:\inetpub\wwwroot\QIJC-1\app\__init__.py:52]
2025-11-13 00:54:11,416 INFO: QIJC app starting [in C:\inetpub\wwwroot\QIJC-1\app\__init__.py:52]
2025-11-13 00:58:40,908 INFO: QIJC app starting [in C:\inetpub\wwwroot\QIJC-1\app\__init__.py:52]
2025-11-13 00:59:31,689 INFO: QIJC app starting [in C:\inetpub\wwwroot\QIJC-1\app\__init__.py:52]
2025-11-13 01:11:33,328 INFO: QIJC app starting [in C:\inetpub\wwwroot\QIJC-1\app\__init__.py:52]
2025-11-13 01:11:33,876 INFO: QIJC app starting [in C:\inetpub\wwwroot\QIJC-1\app\__init__.py:52]
2025-11-13 01:11:34,000 INFO: QIJC app starting [in C:\inetpub\wwwroot\QIJC-1\app\__init__.py:52]
2025-11-13 01:29:44,795 INFO: QIJC app starting [in C:\inetpub\wwwroot\QIJC-1\app\__init__.py:52]
2025-11-13 01:51:26,064 INFO: QIJC app starting [in C:\inetpub\wwwroot\QIJC-1\app\__init__.py:52]
2025-11-13 01:58:41,316 INFO: QIJC app starting [in C:\inetpub\wwwroot\QIJC-1\app\__init__.py:52]
2025-11-13 02:17:09,157 INFO: QIJC app starting [in C:\inetpub\wwwroot\QIJC-1\app\__init__.py:52]
2025-11-13 02:59:10,290 INFO: QIJC app starting [in C:\inetpub\wwwroot\QIJC-1\app\__init__.py:52]
2025-11-13 03:53:52,870 INFO: QIJC app starting [in C:\inetpub\wwwroot\QIJC-1\app\__init__.py:52]
2025-11-13 04:34:12,446 INFO: QIJC app starting [in C:\inetpub\wwwroot\QIJC-1\app\__init__.py:52]
2025-11-13 05:15:11,294 INFO: QIJC app starting [in C:\inetpub\wwwroot\QIJC-1\app\__init__.py:52]
2025-11-13 06:08:23,092 INFO: QIJC app starting [in C:\inetpub\wwwroot\QIJC-1\app\__init__.py:52]
2025-11-13 06:17:19,623 INFO: QIJC app starting [in C:\inetpub\wwwroot\QIJC-1\app\__init__.py:52]
2025-11-13 07:08:41,469 INFO: QIJC app starting [in C:\inetpub\wwwroot\QIJC-1\app\__init__.py:52]
2025-11-13 07:17:47,448 INFO: QIJC app starting [in C:\inetpub\wwwroot\QIJC-1\app\__init__.py:52]
2025-11-13 07:52:34,261 INFO: QIJC app starting [in C:\inetpub\wwwroot\QIJC-1\app\__init__.py:52]
2025-11-13 08:10:47,653 INFO: QIJC app starting [in C:\inetpub\wwwroot\QIJC-1\app\__init__.py:52]
2025-11-13 08:28:54,127 INFO: QIJC app starting [in C:\inetpub\wwwroot\QIJC-1\app\__init__.py:52]
2025-11-13 09:14:33,411 INFO: QIJC app starting [in C:\inetpub\wwwroot\QIJC-1\app\__init__.py:52]
2025-11-13 09:34:32,507 INFO: QIJC app starting [in C:\inetpub\wwwroot\QIJC-1\app\__init__.py:52]
2025-11-13 12:30:04,907 INFO: QIJC app starting [in C:\inetpub\wwwroot\QIJC-1\app\__init__.py:52]
2025-11-13 12:52:07,363 INFO: QIJC app starting [in C:\inetpub\wwwroot\QIJC-1\app\__init__.py:52]
2025-11-13 13:09:58,700 INFO: QIJC app starting [in C:\inetpub\wwwroot\QIJC-1\app\__init__.py:52]
2025-11-13 13:13:11,723 INFO: QIJC app starting [in C:\inetpub\wwwroot\QIJC-1\app\__init__.py:52]
2025-11-13 13:23:31,189 INFO: QIJC app starting [in C:\inetpub\wwwroot\QIJC-1\app\__init__.py:52]
2025-11-13 13:45:29,217 INFO: QIJC app starting [in C:\inetpub\wwwroot\QIJC-1\app\__init__.py:52]
2025-11-13 14:10:52,664 INFO: QIJC app starting [in C:\inetpub\wwwroot\QIJC-1\app\__init__.py:52]
2025-11-13 14:11:04,002 INFO: QIJC app starting [in C:\inetpub\wwwroot\QIJC-1\app\__init__.py:52]
2025-11-13 14:24:55,609 INFO: QIJC app starting [in C:\inetpub\wwwroot\QIJC-1\app\__init__.py:52]
2025-11-13 14:38:28,010 INFO: QIJC app starting [in C:\inetpub\wwwroot\QIJC-1\app\__init__.py:52]
2025-11-13 15:02:57,778 INFO: QIJC app starting [in C:\inetpub\wwwroot\QIJC-1\app\__init__.py:52]
2025-11-13 15:15:56,927 INFO: QIJC app starting [in C:\inetpub\wwwroot\QIJC-1\app\__init__.py:52]
2025-11-13 15:51:00,987 INFO: QIJC app starting [in C:\inetpub\wwwroot\QIJC-1\app\__init__.py:52]
2025-11-13 16:53:02,680 INFO: QIJC app starting [in C:\inetpub\wwwroot\QIJC-1\app\__init__.py:52]
2025-11-13 16:53:02,730 INFO: QIJC app starting [in C:\inetpub\wwwroot\QIJC-1\app\__init__.py:52]
2025-11-13 16:53:03,027 INFO: QIJC app starting [in C:\inetpub\wwwroot\QIJC-1\app\__init__.py:52]
2025-11-13 16:53:03,035 INFO: QIJC app starting [in C:\inetpub\wwwroot\QIJC-1\app\__init__.py:52]
2025-11-13 17:47:12,501 INFO: QIJC app starting [in C:\inetpub\wwwroot\QIJC-1\app\__init__.py:52]
2025-11-13 18:12:21,959 INFO: QIJC app starting [in C:\inetpub\wwwroot\QIJC-1\app\__init__.py:52]
2025-11-13 18:33:45,720 INFO: QIJC app starting [in C:\inetpub\wwwroot\QIJC-1\app\__init__.py:52]
2025-11-13 18:50:46,587 INFO: QIJC app starting [in C:\inetpub\wwwroot\QIJC-1\app\__init__.py:52]
2025-11-13 18:58:00,421 INFO: QIJC app starting [in C:\inetpub\wwwroot\QIJC-1\app\__init__.py:52]
2025-11-13 19:28:51,847 INFO: QIJC app starting [in C:\inetpub\wwwroot\QIJC-1\app\__init__.py:52]
2025-11-13 19:41:48,762 INFO: QIJC app starting [in C:\inetpub\wwwroot\QIJC-1\app\__init__.py:52]
2025-11-13 19:47:57,851 INFO: QIJC app starting [in C:\inetpub\wwwroot\QIJC-1\app\__init__.py:52]
2025-11-13 19:55:06,555 INFO: QIJC app starting [in C:\inetpub\wwwroot\QIJC-1\app\__init__.py:52]
2025-11-13 20:17:37,941 INFO: QIJC app starting [in C:\inetpub\wwwroot\QIJC-1\app\__init__.py:52]
2025-11-13 20:17:44,902 INFO: QIJC app starting [in C:\inetpub\wwwroot\QIJC-1\app\__init__.py:52]
2025-11-13 20:28:14,123 INFO: QIJC app starting [in C:\inetpub\wwwroot\QIJC-1\app\__init__.py:52]
2025-11-13 21:01:53,610 INFO: QIJC app starting [in C:\inetpub\wwwroot\QIJC-1\app\__init__.py:52]
2025-11-13 21:13:58,515 INFO: QIJC app starting [in C:\inetpub\wwwroot\QIJC-1\app\__init__.py:52]
2025-11-13 21:23:44,978 INFO: QIJC app starting [in C:\inetpub\wwwroot\QIJC-1\app\__init__.py:52]
2025-11-13 21:32:24,029 INFO: QIJC app starting [in C:\inetpub\wwwroot\QIJC-1\app\__init__.py:52]
2025-11-13 21:56:57,250 INFO: QIJC app starting [in C:\inetpub\wwwroot\QIJC-1\app\__init__.py:52]
2025-11-13 22:27:10,483 INFO: QIJC app starting [in C:\inetpub\wwwroot\QIJC-1\app\__init__.py:52]
2025-11-13 23:00:01,583 INFO: QIJC app starting [in C:\inetpub\wwwroot\QIJC-1\app\__init__.py:52]
2025-11-13 23:50:43,564 INFO: QIJC app starting [in C:\inetpub\wwwroot\QIJC-1\app\__init__.py:52]
2025-11-14 00:31:30,226 INFO: QIJC app starting [in C:\inetpub\wwwroot\QIJC-1\app\__init__.py:52]
2025-11-14 01:33:54,894 INFO: QIJC app starting [in C:\inetpub\wwwroot\QIJC-1\app\__init__.py:52]
2025-11-14 01:53:11,255 INFO: QIJC app starting [in C:\inetpub\wwwroot\QIJC-1\app\__init__.py:52]
2025-11-14 02:58:34,314 INFO: QIJC app starting [in C:\inetpub\wwwroot\QIJC-1\app\__init__.py:52]
2025-11-14 03:09:36,229 INFO: QIJC app starting [in C:\inetpub\wwwroot\QIJC-1\app\__init__.py:52]
2025-11-14 04:05:20,643 INFO: QIJC app starting [in C:\inetpub\wwwroot\QIJC-1\app\__init__.py:52]
2025-11-14 04:17:42,219 INFO: QIJC app starting [in C:\inetpub\wwwroot\QIJC-1\app\__init__.py:52]
2025-11-14 05:01:26,740 INFO: QIJC app starting [in C:\inetpub\wwwroot\QIJC-1\app\__init__.py:52]
2025-11-14 06:17:22,145 INFO: QIJC app starting [in C:\inetpub\wwwroot\QIJC-1\app\__init__.py:52]
2025-11-14 06:28:14,540 INFO: QIJC app starting [in C:\inetpub\wwwroot\QIJC-1\app\__init__.py:52]
2025-11-14 06:36:13,564 INFO: QIJC app starting [in C:\inetpub\wwwroot\QIJC-1\app\__init__.py:52]
2025-11-14 07:08:53,880 INFO: QIJC app starting [in C:\inetpub\wwwroot\QIJC-1\app\__init__.py:52]
2025-11-14 07:49:01,487 INFO: QIJC app starting [in C:\inetpub\wwwroot\QIJC-1\app\__init__.py:52]
2025-11-14 08:05:40,168 INFO: QIJC app starting [in C:\inetpub\wwwroot\QIJC-1\app\__init__.py:52]
2025-11-14 08:38:19,374 INFO: QIJC app starting [in C:\inetpub\wwwroot\QIJC-1\app\__init__.py:52]
2025-11-14 08:58:09,049 INFO: QIJC app starting [in C:\inetpub\wwwroot\QIJC-1\app\__init__.py:52]
2025-11-14 09:20:38,071 INFO: QIJC app starting [in C:\inetpub\wwwroot\QIJC-1\app\__init__.py:52]
2025-11-14 09:29:00,316 INFO: QIJC app starting [in C:\inetpub\wwwroot\QIJC-1\app\__init__.py:52]
2025-11-14 09:38:36,307 INFO: QIJC app starting [in C:\inetpub\wwwroot\QIJC-1\app\__init__.py:52]
2025-11-14 10:45:47,774 INFO: QIJC app starting [in C:\inetpub\wwwroot\QIJC-1\app\__init__.py:52]
2025-11-14 11:31:47,987 INFO: QIJC app starting [in C:\inetpub\wwwroot\QIJC-1\app\__init__.py:52]
2025-11-14 11:31:48,105 INFO: QIJC app starting [in C:\inetpub\wwwroot\QIJC-1\app\__init__.py:52]
2025-11-14 11:31:48,158 INFO: QIJC app starting [in C:\inetpub\wwwroot\QIJC-1\app\__init__.py:52]
2025-11-14 11:50:59,864 INFO: QIJC app starting [in C:\inetpub\wwwroot\QIJC-1\app\__init__.py:52]
2025-11-14 12:28:42,348 INFO: QIJC app starting [in C:\inetpub\wwwroot\QIJC-1\app\__init__.py:52]
2025-11-14 12:42:07,278 INFO: QIJC app starting [in C:\inetpub\wwwroot\QIJC-1\app\__init__.py:52]
2025-11-14 13:12:48,960 INFO: QIJC app starting [in C:\inetpub\wwwroot\QIJC-1\app\__init__.py:52]
2025-11-14 14:10:21,034 INFO: QIJC app starting [in C:\inetpub\wwwroot\QIJC-1\app\__init__.py:52]
2025-11-14 14:33:23,552 INFO: QIJC app starting [in C:\inetpub\wwwroot\QIJC-1\app\__init__.py:52]
2025-11-14 15:28:46,230 INFO: QIJC app starting [in C:\inetpub\wwwroot\QIJC-1\app\__init__.py:52]
2025-11-14 16:41:33,502 INFO: QIJC app starting [in C:\inetpub\wwwroot\QIJC-1\app\__init__.py:52]
2025-11-14 16:41:33,737 INFO: QIJC app starting [in C:\inetpub\wwwroot\QIJC-1\app\__init__.py:52]
2025-11-14 16:41:33,931 INFO: QIJC app starting [in C:\inetpub\wwwroot\QIJC-1\app\__init__.py:52]
2025-11-14 16:41:41,440 INFO: QIJC app starting [in C:\inetpub\wwwroot\QIJC-1\app\__init__.py:52]
2025-11-14 16:50:22,446 INFO: QIJC app starting [in C:\inetpub\wwwroot\QIJC-1\app\__init__.py:52]
2025-11-14 17:06:52,327 INFO: QIJC app starting [in C:\inetpub\wwwroot\QIJC-1\app\__init__.py:52]
2025-11-14 17:13:41,689 INFO: QIJC app starting [in C:\inetpub\wwwroot\QIJC-1\app\__init__.py:52]
2025-11-14 17:13:50,392 INFO: QIJC app starting [in C:\inetpub\wwwroot\QIJC-1\app\__init__.py:52]
2025-11-14 17:37:04,029 INFO: QIJC app starting [in C:\inetpub\wwwroot\QIJC-1\app\__init__.py:52]
2025-11-14 18:29:31,134 INFO: QIJC app starting [in C:\inetpub\wwwroot\QIJC-1\app\__init__.py:52]
2025-11-14 18:39:06,265 INFO: QIJC app starting [in C:\inetpub\wwwroot\QIJC-1\app\__init__.py:52]
2025-11-14 19:55:58,225 INFO: QIJC app starting [in C:\inetpub\wwwroot\QIJC-1\app\__init__.py:52]
2025-11-14 20:12:20,522 INFO: QIJC app starting [in C:\inetpub\wwwroot\QIJC-1\app\__init__.py:52]
2025-11-14 21:12:08,171 INFO: QIJC app starting [in C:\inetpub\wwwroot\QIJC-1\app\__init__.py:52]
2025-11-14 21:57:25,304 INFO: QIJC app starting [in C:\inetpub\wwwroot\QIJC-1\app\__init__.py:52]
2025-11-14 23:06:16,995 INFO: QIJC app starting [in C:\inetpub\wwwroot\QIJC-1\app\__init__.py:52]
2025-11-15 00:57:16,885 INFO: QIJC app starting [in C:\inetpub\wwwroot\QIJC-1\app\__init__.py:52]
2025-11-15 01:08:32,550 INFO: QIJC app starting [in C:\inetpub\wwwroot\QIJC-1\app\__init__.py:52]
2025-11-15 01:08:40,524 INFO: QIJC app starting [in C:\inetpub\wwwroot\QIJC-1\app\__init__.py:52]
2025-11-15 01:57:19,603 INFO: QIJC app starting [in C:\inetpub\wwwroot\QIJC-1\app\__init__.py:52]
2025-11-15 02:15:04,660 INFO: QIJC app starting [in C:\inetpub\wwwroot\QIJC-1\app\__init__.py:52]
2025-11-15 03:29:49,772 INFO: QIJC app starting [in C:\inetpub\wwwroot\QIJC-1\app\__init__.py:52]
2025-11-15 03:39:34,631 INFO: QIJC app starting [in C:\inetpub\wwwroot\QIJC-1\app\__init__.py:52]
2025-11-15 03:49:33,126 INFO: QIJC app starting [in C:\inetpub\wwwroot\QIJC-1\app\__init__.py:52]
2025-11-15 04:27:44,440 INFO: QIJC app starting [in C:\inetpub\wwwroot\QIJC-1\app\__init__.py:52]
2025-11-15 04:42:18,533 INFO: QIJC app starting [in C:\inetpub\wwwroot\QIJC-1\app\__init__.py:52]
2025-11-15 05:08:02,889 INFO: QIJC app starting [in C:\inetpub\wwwroot\QIJC-1\app\__init__.py:52]
2025-11-15 06:00:19,223 INFO: QIJC app starting [in C:\inetpub\wwwroot\QIJC-1\app\__init__.py:52]
2025-11-15 06:08:02,291 INFO: QIJC app starting [in C:\inetpub\wwwroot\QIJC-1\app\__init__.py:52]
2025-11-15 06:54:10,343 INFO: QIJC app starting [in C:\inetpub\wwwroot\QIJC-1\app\__init__.py:52]
2025-11-15 07:22:28,864 INFO: QIJC app starting [in C:\inetpub\wwwroot\QIJC-1\app\__init__.py:52]
2025-11-15 08:48:46,577 INFO: QIJC app starting [in C:\inetpub\wwwroot\QIJC-1\app\__init__.py:52]
2025-11-15 09:03:26,423 INFO: QIJC app starting [in C:\inetpub\wwwroot\QIJC-1\app\__init__.py:52]
2025-11-15 09:37:53,699 INFO: QIJC app starting [in C:\inetpub\wwwroot\QIJC-1\app\__init__.py:52]
2025-11-15 10:04:04,781 INFO: QIJC app starting [in C:\inetpub\wwwroot\QIJC-1\app\__init__.py:52]
2025-11-15 10:37:14,062 INFO: QIJC app starting [in C:\inetpub\wwwroot\QIJC-1\app\__init__.py:52]
2025-11-15 11:24:28,129 INFO: QIJC app starting [in C:\inetpub\wwwroot\QIJC-1\app\__init__.py:52]
2025-11-15 11:40:46,266 INFO: QIJC app starting [in C:\inetpub\wwwroot\QIJC-1\app\__init__.py:52]
2025-11-15 12:21:50,857 INFO: QIJC app starting [in C:\inetpub\wwwroot\QIJC-1\app\__init__.py:52]
2025-11-15 12:31:26,538 INFO: QIJC app starting [in C:\inetpub\wwwroot\QIJC-1\app\__init__.py:52]
2025-11-15 13:35:52,432 INFO: QIJC app starting [in C:\inetpub\wwwroot\QIJC-1\app\__init__.py:52]
2025-11-15 13:57:06,641 INFO: QIJC app starting [in C:\inetpub\wwwroot\QIJC-1\app\__init__.py:52]
2025-11-15 14:15:33,704 INFO: QIJC app starting [in C:\inetpub\wwwroot\QIJC-1\app\__init__.py:52]
2025-11-15 14:49:29,034 INFO: QIJC app starting [in C:\inetpub\wwwroot\QIJC-1\app\__init__.py:52]
2025-11-15 14:59:38,127 INFO: QIJC app starting [in C:\inetpub\wwwroot\QIJC-1\app\__init__.py:52]
2025-11-15 15:43:11,754 INFO: QIJC app starting [in C:\inetpub\wwwroot\QIJC-1\app\__init__.py:52]
2025-11-15 16:04:23,563 INFO: QIJC app starting [in C:\inetpub\wwwroot\QIJC-1\app\__init__.py:52]
2025-11-15 16:51:01,882 INFO: QIJC app starting [in C:\inetpub\wwwroot\QIJC-1\app\__init__.py:52]
2025-11-15 17:16:53,148 INFO: QIJC app starting [in C:\inetpub\wwwroot\QIJC-1\app\__init__.py:52]
2025-11-15 18:01:01,522 INFO: QIJC app starting [in C:\inetpub\wwwroot\QIJC-1\app\__init__.py:52]
2025-11-15 18:48:51,220 INFO: QIJC app starting [in C:\inetpub\wwwroot\QIJC-1\app\__init__.py:52]
2025-11-15 18:58:54,017 INFO: QIJC app starting [in C:\inetpub\wwwroot\QIJC-1\app\__init__.py:52]
2025-11-15 19:35:43,900 INFO: QIJC app starting [in C:\inetpub\wwwroot\QIJC-1\app\__init__.py:52]
2025-11-15 20:09:00,885 INFO: QIJC app starting [in C:\inetpub\wwwroot\QIJC-1\app\__init__.py:52]
2025-11-15 20:35:16,070 INFO: QIJC app starting [in C:\inetpub\wwwroot\QIJC-1\app\__init__.py:52]
2025-11-15 21:00:29,888 INFO: QIJC app starting [in C:\inetpub\wwwroot\QIJC-1\app\__init__.py:52]
2025-11-15 21:28:12,961 INFO: QIJC app starting [in C:\inetpub\wwwroot\QIJC-1\app\__init__.py:52]
2025-11-15 21:41:03,789 INFO: QIJC app starting [in C:\inetpub\wwwroot\QIJC-1\app\__init__.py:52]
2025-11-15 23:19:37,542 INFO: QIJC app starting [in C:\inetpub\wwwroot\QIJC-1\app\__init__.py:52]
2025-11-16 00:05:49,430 INFO: QIJC app starting [in C:\inetpub\wwwroot\QIJC-1\app\__init__.py:52]
2025-11-16 00:16:50,944 INFO: QIJC app starting [in C:\inetpub\wwwroot\QIJC-1\app\__init__.py:52]
2025-11-16 02:14:40,113 INFO: QIJC app starting [in C:\inetpub\wwwroot\QIJC-1\app\__init__.py:52]
2025-11-16 02:37:53,654 INFO: QIJC app starting [in C:\inetpub\wwwroot\QIJC-1\app\__init__.py:52]
2025-11-16 02:46:06,199 INFO: QIJC app starting [in C:\inetpub\wwwroot\QIJC-1\app\__init__.py:52]
2025-11-16 03:05:14,473 INFO: QIJC app starting [in C:\inetpub\wwwroot\QIJC-1\app\__init__.py:52]
2025-11-16 06:16:20,210 INFO: QIJC app starting [in C:\inetpub\wwwroot\QIJC-1\app\__init__.py:52]
2025-11-16 06:26:50,956 INFO: QIJC app starting [in C:\inetpub\wwwroot\QIJC-1\app\__init__.py:52]
2025-11-16 06:49:01,897 INFO: QIJC app starting [in C:\inetpub\wwwroot\QIJC-1\app\__init__.py:52]
2025-11-16 07:05:21,287 INFO: QIJC app starting [in C:\inetpub\wwwroot\QIJC-1\app\__init__.py:52]
2025-11-16 07:23:03,861 INFO: QIJC app starting [in C:\inetpub\wwwroot\QIJC-1\app\__init__.py:52]
2025-11-16 07:40:54,304 INFO: QIJC app starting [in C:\inetpub\wwwroot\QIJC-1\app\__init__.py:52]
2025-11-16 08:24:45,030 INFO: QIJC app starting [in C:\inetpub\wwwroot\QIJC-1\app\__init__.py:52]
2025-11-16 08:52:21,515 INFO: QIJC app starting [in C:\inetpub\wwwroot\QIJC-1\app\__init__.py:52]
2025-11-16 09:09:04,807 INFO: QIJC app starting [in C:\inetpub\wwwroot\QIJC-1\app\__init__.py:52]
2025-11-16 09:48:56,834 INFO: QIJC app starting [in C:\inetpub\wwwroot\QIJC-1\app\__init__.py:52]
2025-11-16 10:07:34,137 INFO: QIJC app starting [in C:\inetpub\wwwroot\QIJC-1\app\__init__.py:52]
2025-11-16 10:32:12,883 INFO: QIJC app starting [in C:\inetpub\wwwroot\QIJC-1\app\__init__.py:52]
2025-11-16 10:38:56,543 INFO: QIJC app starting [in C:\inetpub\wwwroot\QIJC-1\app\__init__.py:52]
2025-11-16 10:47:33,860 INFO: QIJC app starting [in C:\inetpub\wwwroot\QIJC-1\app\__init__.py:52]
2025-11-16 11:02:44,762 INFO: QIJC app starting [in C:\inetpub\wwwroot\QIJC-1\app\__init__.py:52]
2025-11-16 11:18:00,826 INFO: QIJC app starting [in C:\inetpub\wwwroot\QIJC-1\app\__init__.py:52]
2025-11-16 12:39:59,258 INFO: QIJC app starting [in C:\inetpub\wwwroot\QIJC-1\app\__init__.py:52]
2025-11-16 12:50:24,383 INFO: QIJC app starting [in C:\inetpub\wwwroot\QIJC-1\app\__init__.py:52]
2025-11-16 13:05:14,964 INFO: QIJC app starting [in C:\inetpub\wwwroot\QIJC-1\app\__init__.py:52]
2025-11-16 13:56:55,688 INFO: QIJC app starting [in C:\inetpub\wwwroot\QIJC-1\app\__init__.py:52]
2025-11-16 14:03:42,735 INFO: QIJC app starting [in C:\inetpub\wwwroot\QIJC-1\app\__init__.py:52]
2025-11-16 14:30:11,002 INFO: QIJC app starting [in C:\inetpub\wwwroot\QIJC-1\app\__init__.py:52]
2025-11-16 14:30:45,862 INFO: QIJC app starting [in C:\inetpub\wwwroot\QIJC-1\app\__init__.py:52]
2025-11-16 15:07:06,258 INFO: QIJC app starting [in C:\inetpub\wwwroot\QIJC-1\app\__init__.py:52]
2025-11-16 15:13:48,865 INFO: QIJC app starting [in C:\inetpub\wwwroot\QIJC-1\app\__init__.py:52]
2025-11-16 15:23:44,292 INFO: QIJC app starting [in C:\inetpub\wwwroot\QIJC-1\app\__init__.py:52]
2025-11-16 16:40:25,108 INFO: QIJC app starting [in C:\inetpub\wwwroot\QIJC-1\app\__init__.py:52]
2025-11-16 17:45:03,455 INFO: QIJC app starting [in C:\inetpub\wwwroot\QIJC-1\app\__init__.py:52]
2025-11-16 18:07:42,506 INFO: QIJC app starting [in C:\inetpub\wwwroot\QIJC-1\app\__init__.py:52]
2025-11-16 18:23:31,077 INFO: QIJC app starting [in C:\inetpub\wwwroot\QIJC-1\app\__init__.py:52]
2025-11-16 19:38:09,715 INFO: QIJC app starting [in C:\inetpub\wwwroot\QIJC-1\app\__init__.py:52]
2025-11-16 20:45:57,968 INFO: QIJC app starting [in C:\inetpub\wwwroot\QIJC-1\app\__init__.py:52]
2025-11-16 21:17:26,040 INFO: QIJC app starting [in C:\inetpub\wwwroot\QIJC-1\app\__init__.py:52]
2025-11-16 21:34:20,751 INFO: QIJC app starting [in C:\inetpub\wwwroot\QIJC-1\app\__init__.py:52]
2025-11-17 00:29:07,564 INFO: QIJC app starting [in C:\inetpub\wwwroot\QIJC-1\app\__init__.py:52]
2025-11-17 00:34:29,314 INFO: QIJC app starting [in C:\inetpub\wwwroot\QIJC-1\app\__init__.py:52]
2025-11-17 00:40:40,245 INFO: QIJC app starting [in C:\inetpub\wwwroot\QIJC-1\app\__init__.py:52]
2025-11-17 01:07:36,218 INFO: QIJC app starting [in C:\inetpub\wwwroot\QIJC-1\app\__init__.py:52]
2025-11-17 01:42:37,302 INFO: QIJC app starting [in C:\inetpub\wwwroot\QIJC-1\app\__init__.py:52]
2025-11-17 02:02:26,448 INFO: QIJC app starting [in C:\inetpub\wwwroot\QIJC-1\app\__init__.py:52]
2025-11-17 03:26:40,296 INFO: QIJC app starting [in C:\inetpub\wwwroot\QIJC-1\app\__init__.py:52]
2025-11-17 03:37:39,738 INFO: QIJC app starting [in C:\inetpub\wwwroot\QIJC-1\app\__init__.py:52]
2025-11-17 04:05:59,730 INFO: QIJC app starting [in C:\inetpub\wwwroot\QIJC-1\app\__init__.py:52]
2025-11-17 04:06:00,145 INFO: QIJC app starting [in C:\inetpub\wwwroot\QIJC-1\app\__init__.py:52]
2025-11-17 04:23:58,041 INFO: QIJC app starting [in C:\inetpub\wwwroot\QIJC-1\app\__init__.py:52]
2025-11-17 04:30:53,682 INFO: QIJC app starting [in C:\inetpub\wwwroot\QIJC-1\app\__init__.py:52]
2025-11-17 05:01:51,096 INFO: QIJC app starting [in C:\inetpub\wwwroot\QIJC-1\app\__init__.py:52]
2025-11-17 05:38:00,431 INFO: QIJC app starting [in C:\inetpub\wwwroot\QIJC-1\app\__init__.py:52]
2025-11-17 06:32:15,620 INFO: QIJC app starting [in C:\inetpub\wwwroot\QIJC-1\app\__init__.py:52]
2025-11-17 06:46:57,242 INFO: QIJC app starting [in C:\inetpub\wwwroot\QIJC-1\app\__init__.py:52]
2025-11-17 06:56:50,706 INFO: QIJC app starting [in C:\inetpub\wwwroot\QIJC-1\app\__init__.py:52]
2025-11-17 07:03:58,856 INFO: QIJC app starting [in C:\inetpub\wwwroot\QIJC-1\app\__init__.py:52]
2025-11-17 08:08:07,422 INFO: QIJC app starting [in C:\inetpub\wwwroot\QIJC-1\app\__init__.py:52]
2025-11-17 09:08:36,453 INFO: QIJC app starting [in C:\inetpub\wwwroot\QIJC-1\app\__init__.py:52]
2025-11-17 09:15:53,338 INFO: QIJC app starting [in C:\inetpub\wwwroot\QIJC-1\app\__init__.py:52]
2025-11-17 09:46:44,012 INFO: QIJC app starting [in C:\inetpub\wwwroot\QIJC-1\app\__init__.py:52]
2025-11-17 10:09:09,800 INFO: QIJC app starting [in C:\inetpub\wwwroot\QIJC-1\app\__init__.py:52]
2025-11-17 10:15:04,577 INFO: QIJC app starting [in C:\inetpub\wwwroot\QIJC-1\app\__init__.py:52]
2025-11-17 10:28:01,942 INFO: QIJC app starting [in C:\inetpub\wwwroot\QIJC-1\app\__init__.py:52]
2025-11-17 10:48:29,812 INFO: QIJC app starting [in C:\inetpub\wwwroot\QIJC-1\app\__init__.py:52]
2025-11-17 11:12:26,488 INFO: QIJC app starting [in C:\inetpub\wwwroot\QIJC-1\app\__init__.py:52]
2025-11-17 11:24:56,571 INFO: QIJC app starting [in C:\inetpub\wwwroot\QIJC-1\app\__init__.py:52]
2025-11-17 11:35:04,032 INFO: QIJC app starting [in C:\inetpub\wwwroot\QIJC-1\app\__init__.py:52]
2025-11-17 12:01:20,242 INFO: QIJC app starting [in C:\inetpub\wwwroot\QIJC-1\app\__init__.py:52]
2025-11-17 12:35:22,118 INFO: QIJC app starting [in C:\inetpub\wwwroot\QIJC-1\app\__init__.py:52]
2025-11-17 12:48:51,699 INFO: QIJC app starting [in C:\inetpub\wwwroot\QIJC-1\app\__init__.py:52]
2025-11-17 13:14:17,798 INFO: QIJC app starting [in C:\inetpub\wwwroot\QIJC-1\app\__init__.py:52]
2025-11-17 14:20:11,870 INFO: QIJC app starting [in C:\inetpub\wwwroot\QIJC-1\app\__init__.py:52]
2025-11-17 15:20:44,407 INFO: QIJC app starting [in C:\inetpub\wwwroot\QIJC-1\app\__init__.py:52]
2025-11-17 15:49:08,869 INFO: QIJC app starting [in C:\inetpub\wwwroot\QIJC-1\app\__init__.py:52]
2025-11-17 16:56:24,888 INFO: QIJC app starting [in C:\inetpub\wwwroot\QIJC-1\app\__init__.py:52]
2025-11-17 17:10:28,806 INFO: QIJC app starting [in C:\inetpub\wwwroot\QIJC-1\app\__init__.py:52]
2025-11-17 17:32:42,320 INFO: QIJC app starting [in C:\inetpub\wwwroot\QIJC-1\app\__init__.py:52]
2025-11-17 18:04:13,143 INFO: QIJC app starting [in C:\inetpub\wwwroot\QIJC-1\app\__init__.py:52]
2025-11-17 18:10:23,730 INFO: QIJC app starting [in C:\inetpub\wwwroot\QIJC-1\app\__init__.py:52]
2025-11-17 18:32:07,130 INFO: QIJC app starting [in C:\inetpub\wwwroot\QIJC-1\app\__init__.py:52]
2025-11-17 18:44:53,254 INFO: QIJC app starting [in C:\inetpub\wwwroot\QIJC-1\app\__init__.py:52]
2025-11-17 19:16:31,395 INFO: QIJC app starting [in C:\inetpub\wwwroot\QIJC-1\app\__init__.py:52]
2025-11-17 19:31:11,147 INFO: QIJC app starting [in C:\inetpub\wwwroot\QIJC-1\app\__init__.py:52]
2025-11-17 19:52:38,107 INFO: QIJC app starting [in C:\inetpub\wwwroot\QIJC-1\app\__init__.py:52]
2025-11-17 20:42:56,159 INFO: QIJC app starting [in C:\inetpub\wwwroot\QIJC-1\app\__init__.py:52]
2025-11-17 20:54:45,404 INFO: QIJC app starting [in C:\inetpub\wwwroot\QIJC-1\app\__init__.py:52]
2025-11-17 21:06:00,221 INFO: QIJC app starting [in C:\inetpub\wwwroot\QIJC-1\app\__init__.py:52]
2025-11-17 21:38:24,235 INFO: QIJC app starting [in C:\inetpub\wwwroot\QIJC-1\app\__init__.py:52]
2025-11-17 21:50:30,868 INFO: QIJC app starting [in C:\inetpub\wwwroot\QIJC-1\app\__init__.py:52]
2025-11-17 23:05:24,371 INFO: QIJC app starting [in C:\inetpub\wwwroot\QIJC-1\app\__init__.py:52]
2025-11-17 23:37:56,753 INFO: QIJC app starting [in C:\inetpub\wwwroot\QIJC-1\app\__init__.py:52]
2025-11-18 00:14:47,661 INFO: QIJC app starting [in C:\inetpub\wwwroot\QIJC-1\app\__init__.py:52]
2025-11-18 01:06:03,124 INFO: QIJC app starting [in C:\inetpub\wwwroot\QIJC-1\app\__init__.py:52]
2025-11-18 01:12:54,222 INFO: QIJC app starting [in C:\inetpub\wwwroot\QIJC-1\app\__init__.py:52]
2025-11-18 01:29:25,092 INFO: QIJC app starting [in C:\inetpub\wwwroot\QIJC-1\app\__init__.py:52]
2025-11-18 01:40:39,242 INFO: QIJC app starting [in C:\inetpub\wwwroot\QIJC-1\app\__init__.py:52]
2025-11-18 01:55:00,804 INFO: QIJC app starting [in C:\inetpub\wwwroot\QIJC-1\app\__init__.py:52]
2025-11-18 02:13:47,739 INFO: QIJC app starting [in C:\inetpub\wwwroot\QIJC-1\app\__init__.py:52]
2025-11-18 02:29:01,953 INFO: QIJC app starting [in C:\inetpub\wwwroot\QIJC-1\app\__init__.py:52]
2025-11-18 02:41:29,726 INFO: QIJC app starting [in C:\inetpub\wwwroot\QIJC-1\app\__init__.py:52]
2025-11-18 03:08:31,105 INFO: QIJC app starting [in C:\inetpub\wwwroot\QIJC-1\app\__init__.py:52]
2025-11-18 04:39:40,712 INFO: QIJC app starting [in C:\inetpub\wwwroot\QIJC-1\app\__init__.py:52]
2025-11-18 05:19:46,949 INFO: QIJC app starting [in C:\inetpub\wwwroot\QIJC-1\app\__init__.py:52]
2025-11-18 05:27:08,186 INFO: QIJC app starting [in C:\inetpub\wwwroot\QIJC-1\app\__init__.py:52]
2025-11-18 05:57:04,531 INFO: QIJC app starting [in C:\inetpub\wwwroot\QIJC-1\app\__init__.py:52]
2025-11-18 07:05:22,875 INFO: QIJC app starting [in C:\inetpub\wwwroot\QIJC-1\app\__init__.py:52]
2025-11-18 07:16:15,104 INFO: QIJC app starting [in C:\inetpub\wwwroot\QIJC-1\app\__init__.py:52]
2025-11-18 08:20:47,682 INFO: QIJC app starting [in C:\inetpub\wwwroot\QIJC-1\app\__init__.py:52]
2025-11-18 08:31:06,114 INFO: QIJC app starting [in C:\inetpub\wwwroot\QIJC-1\app\__init__.py:52]
2025-11-18 09:29:59,337 INFO: QIJC app starting [in C:\inetpub\wwwroot\QIJC-1\app\__init__.py:52]
2025-11-18 10:13:17,603 INFO: QIJC app starting [in C:\inetpub\wwwroot\QIJC-1\app\__init__.py:52]
2025-11-18 10:56:00,637 INFO: QIJC app starting [in C:\inetpub\wwwroot\QIJC-1\app\__init__.py:52]
2025-11-18 11:05:29,550 INFO: QIJC app starting [in C:\inetpub\wwwroot\QIJC-1\app\__init__.py:52]
2025-11-18 11:20:47,198 INFO: QIJC app starting [in C:\inetpub\wwwroot\QIJC-1\app\__init__.py:52]
2025-11-18 11:35:29,413 INFO: QIJC app starting [in C:\inetpub\wwwroot\QIJC-1\app\__init__.py:52]
2025-11-18 11:48:03,794 INFO: QIJC app starting [in C:\inetpub\wwwroot\QIJC-1\app\__init__.py:52]
2025-11-18 12:15:57,021 INFO: QIJC app starting [in C:\inetpub\wwwroot\QIJC-1\app\__init__.py:52]
2025-11-18 12:17:17,129 INFO: QIJC app starting [in C:\inetpub\wwwroot\QIJC-1\app\__init__.py:52]
2025-11-18 12:29:04,282 INFO: QIJC app starting [in C:\inetpub\wwwroot\QIJC-1\app\__init__.py:52]
2025-11-18 12:36:54,430 INFO: QIJC app starting [in C:\inetpub\wwwroot\QIJC-1\app\__init__.py:52]
2025-11-18 13:13:49,275 INFO: QIJC app starting [in C:\inetpub\wwwroot\QIJC-1\app\__init__.py:52]
2025-11-18 13:47:31,400 INFO: QIJC app starting [in C:\inetpub\wwwroot\QIJC-1\app\__init__.py:52]
2025-11-18 14:12:54,971 INFO: QIJC app starting [in C:\inetpub\wwwroot\QIJC-1\app\__init__.py:52]
2025-11-18 14:41:04,638 INFO: QIJC app starting [in C:\inetpub\wwwroot\QIJC-1\app\__init__.py:52]
2025-11-18 15:10:58,628 INFO: QIJC app starting [in C:\inetpub\wwwroot\QIJC-1\app\__init__.py:52]
2025-11-18 15:24:19,763 INFO: QIJC app starting [in C:\inetpub\wwwroot\QIJC-1\app\__init__.py:52]
2025-11-18 16:05:55,188 INFO: QIJC app starting [in C:\inetpub\wwwroot\QIJC-1\app\__init__.py:52]
2025-11-18 16:20:21,266 INFO: QIJC app starting [in C:\inetpub\wwwroot\QIJC-1\app\__init__.py:52]
2025-11-18 17:17:42,804 INFO: QIJC app starting [in C:\inetpub\wwwroot\QIJC-1\app\__init__.py:52]
2025-11-18 18:07:06,046 INFO: QIJC app starting [in C:\inetpub\wwwroot\QIJC-1\app\__init__.py:52]
2025-11-18 18:14:40,604 INFO: QIJC app starting [in C:\inetpub\wwwroot\QIJC-1\app\__init__.py:52]
2025-11-18 18:44:29,459 INFO: QIJC app starting [in C:\inetpub\wwwroot\QIJC-1\app\__init__.py:52]
2025-11-18 18:50:12,746 INFO: QIJC app starting [in C:\inetpub\wwwroot\QIJC-1\app\__init__.py:52]
2025-11-18 18:58:25,564 INFO: QIJC app starting [in C:\inetpub\wwwroot\QIJC-1\app\__init__.py:52]
2025-11-18 19:31:11,457 INFO: QIJC app starting [in C:\inetpub\wwwroot\QIJC-1\app\__init__.py:52]
2025-11-18 19:38:15,479 INFO: QIJC app starting [in C:\inetpub\wwwroot\QIJC-1\app\__init__.py:52]
2025-11-18 19:43:50,050 INFO: QIJC app starting [in C:\inetpub\wwwroot\QIJC-1\app\__init__.py:52]
2025-11-18 19:50:55,160 INFO: QIJC app starting [in C:\inetpub\wwwroot\QIJC-1\app\__init__.py:52]
2025-11-18 19:50:55,692 INFO: QIJC app starting [in C:\inetpub\wwwroot\QIJC-1\app\__init__.py:52]
2025-11-18 19:50:55,875 INFO: QIJC app starting [in C:\inetpub\wwwroot\QIJC-1\app\__init__.py:52]
2025-11-18 20:12:06,200 INFO: QIJC app starting [in C:\inetpub\wwwroot\QIJC-1\app\__init__.py:52]
2025-11-18 20:33:07,765 INFO: QIJC app starting [in C:\inetpub\wwwroot\QIJC-1\app\__init__.py:52]
2025-11-18 20:44:22,382 INFO: QIJC app starting [in C:\inetpub\wwwroot\QIJC-1\app\__init__.py:52]
2025-11-18 21:17:27,322 INFO: QIJC app starting [in C:\inetpub\wwwroot\QIJC-1\app\__init__.py:52]
2025-11-18 22:01:24,210 INFO: QIJC app starting [in C:\inetpub\wwwroot\QIJC-1\app\__init__.py:52]
2025-11-18 22:12:32,465 INFO: QIJC app starting [in C:\inetpub\wwwroot\QIJC-1\app\__init__.py:52]
2025-11-18 22:17:23,550 INFO: QIJC app starting [in C:\inetpub\wwwroot\QIJC-1\app\__init__.py:52]
2025-11-18 22:33:38,705 INFO: QIJC app starting [in C:\inetpub\wwwroot\QIJC-1\app\__init__.py:52]
2025-11-18 22:47:24,710 INFO: QIJC app starting [in C:\inetpub\wwwroot\QIJC-1\app\__init__.py:52]
2025-11-18 22:54:15,342 INFO: QIJC app starting [in C:\inetpub\wwwroot\QIJC-1\app\__init__.py:52]
2025-11-18 23:02:35,743 INFO: QIJC app starting [in C:\inetpub\wwwroot\QIJC-1\app\__init__.py:52]
2025-11-18 23:19:45,011 INFO: QIJC app starting [in C:\inetpub\wwwroot\QIJC-1\app\__init__.py:52]
2025-11-19 00:24:44,852 INFO: QIJC app starting [in C:\inetpub\wwwroot\QIJC-1\app\__init__.py:52]
2025-11-19 01:34:52,863 INFO: QIJC app starting [in C:\inetpub\wwwroot\QIJC-1\app\__init__.py:52]
2025-11-19 03:51:38,171 INFO: QIJC app starting [in C:\inetpub\wwwroot\QIJC-1\app\__init__.py:52]
2025-11-19 04:45:06,883 INFO: QIJC app starting [in C:\inetpub\wwwroot\QIJC-1\app\__init__.py:52]
2025-11-19 05:17:43,604 INFO: QIJC app starting [in C:\inetpub\wwwroot\QIJC-1\app\__init__.py:52]
2025-11-19 05:32:43,370 INFO: QIJC app starting [in C:\inetpub\wwwroot\QIJC-1\app\__init__.py:52]
2025-11-19 05:55:52,188 INFO: QIJC app starting [in C:\inetpub\wwwroot\QIJC-1\app\__init__.py:52]
2025-11-19 07:48:29,390 INFO: QIJC app starting [in C:\inetpub\wwwroot\QIJC-1\app\__init__.py:52]
2025-11-19 09:30:16,973 INFO: QIJC app starting [in C:\inetpub\wwwroot\QIJC-1\app\__init__.py:52]
2025-11-19 09:30:17,107 INFO: QIJC app starting [in C:\inetpub\wwwroot\QIJC-1\app\__init__.py:52]
2025-11-19 09:30:17,161 INFO: QIJC app starting [in C:\inetpub\wwwroot\QIJC-1\app\__init__.py:52]
2025-11-19 09:47:38,837 INFO: QIJC app starting [in C:\inetpub\wwwroot\QIJC-1\app\__init__.py:52]
2025-11-19 10:13:34,854 INFO: QIJC app starting [in C:\inetpub\wwwroot\QIJC-1\app\__init__.py:52]
2025-11-19 10:41:09,242 INFO: QIJC app starting [in C:\inetpub\wwwroot\QIJC-1\app\__init__.py:52]
2025-11-19 10:59:49,147 INFO: QIJC app starting [in C:\inetpub\wwwroot\QIJC-1\app\__init__.py:52]
2025-11-19 11:36:29,455 INFO: QIJC app starting [in C:\inetpub\wwwroot\QIJC-1\app\__init__.py:52]
2025-11-19 11:42:54,177 INFO: QIJC app starting [in C:\inetpub\wwwroot\QIJC-1\app\__init__.py:52]
2025-11-19 11:55:47,280 INFO: QIJC app starting [in C:\inetpub\wwwroot\QIJC-1\app\__init__.py:52]
2025-11-19 12:12:40,204 INFO: QIJC app starting [in C:\inetpub\wwwroot\QIJC-1\app\__init__.py:52]
2025-11-19 12:24:35,387 INFO: QIJC app starting [in C:\inetpub\wwwroot\QIJC-1\app\__init__.py:52]
2025-11-19 12:45:02,350 INFO: QIJC app starting [in C:\inetpub\wwwroot\QIJC-1\app\__init__.py:52]
2025-11-19 13:01:48,400 INFO: QIJC app starting [in C:\inetpub\wwwroot\QIJC-1\app\__init__.py:52]
2025-11-19 13:26:46,766 INFO: QIJC app starting [in C:\inetpub\wwwroot\QIJC-1\app\__init__.py:52]
2025-11-19 14:16:46,035 INFO: QIJC app starting [in C:\inetpub\wwwroot\QIJC-1\app\__init__.py:52]
2025-11-19 14:44:20,482 INFO: QIJC app starting [in C:\inetpub\wwwroot\QIJC-1\app\__init__.py:52]
2025-11-19 15:58:32,472 INFO: QIJC app starting [in C:\inetpub\wwwroot\QIJC-1\app\__init__.py:52]
2025-11-19 16:55:14,976 INFO: QIJC app starting [in C:\inetpub\wwwroot\QIJC-1\app\__init__.py:52]
2025-11-19 16:55:52,823 INFO: QIJC app starting [in C:\inetpub\wwwroot\QIJC-1\app\__init__.py:52]
2025-11-19 16:55:52,915 INFO: QIJC app starting [in C:\inetpub\wwwroot\QIJC-1\app\__init__.py:52]
2025-11-19 17:19:17,241 INFO: QIJC app starting [in C:\inetpub\wwwroot\QIJC-1\app\__init__.py:52]
2025-11-19 17:55:44,496 INFO: QIJC app starting [in C:\inetpub\wwwroot\QIJC-1\app\__init__.py:52]
2025-11-19 18:36:42,651 INFO: QIJC app starting [in C:\inetpub\wwwroot\QIJC-1\app\__init__.py:52]
2025-11-19 18:50:21,414 INFO: QIJC app starting [in C:\inetpub\wwwroot\QIJC-1\app\__init__.py:52]
2025-11-19 19:14:07,472 INFO: QIJC app starting [in C:\inetpub\wwwroot\QIJC-1\app\__init__.py:52]
2025-11-19 19:21:27,623 INFO: QIJC app starting [in C:\inetpub\wwwroot\QIJC-1\app\__init__.py:52]
2025-11-19 19:35:03,595 INFO: QIJC app starting [in C:\inetpub\wwwroot\QIJC-1\app\__init__.py:52]
2025-11-19 19:42:38,572 INFO: QIJC app starting [in C:\inetpub\wwwroot\QIJC-1\app\__init__.py:52]
2025-11-19 19:58:18,030 INFO: QIJC app starting [in C:\inetpub\wwwroot\QIJC-1\app\__init__.py:52]
2025-11-19 20:12:38,258 INFO: QIJC app starting [in C:\inetpub\wwwroot\QIJC-1\app\__init__.py:52]
2025-11-19 20:51:30,908 INFO: QIJC app starting [in C:\inetpub\wwwroot\QIJC-1\app\__init__.py:52]
2025-11-19 21:35:33,398 INFO: QIJC app starting [in C:\inetpub\wwwroot\QIJC-1\app\__init__.py:52]
2025-11-19 22:09:40,831 INFO: QIJC app starting [in C:\inetpub\wwwroot\QIJC-1\app\__init__.py:52]
2025-11-19 22:10:57,269 INFO: QIJC app starting [in C:\inetpub\wwwroot\QIJC-1\app\__init__.py:52]
2025-11-19 22:25:19,677 INFO: QIJC app starting [in C:\inetpub\wwwroot\QIJC-1\app\__init__.py:52]
2025-11-19 22:32:09,440 INFO: QIJC app starting [in C:\inetpub\wwwroot\QIJC-1\app\__init__.py:52]
2025-11-19 23:02:54,029 INFO: QIJC app starting [in C:\inetpub\wwwroot\QIJC-1\app\__init__.py:52]
2025-11-19 23:24:46,026 INFO: QIJC app starting [in C:\inetpub\wwwroot\QIJC-1\app\__init__.py:52]
2025-11-20 00:41:14,598 INFO: QIJC app starting [in C:\inetpub\wwwroot\QIJC-1\app\__init__.py:52]
2025-11-20 00:50:11,699 INFO: QIJC app starting [in C:\inetpub\wwwroot\QIJC-1\app\__init__.py:52]
2025-11-20 00:50:12,447 INFO: QIJC app starting [in C:\inetpub\wwwroot\QIJC-1\app\__init__.py:52]
2025-11-20 00:58:46,011 INFO: QIJC app starting [in C:\inetpub\wwwroot\QIJC-1\app\__init__.py:52]
2025-11-20 01:17:22,728 INFO: QIJC app starting [in C:\inetpub\wwwroot\QIJC-1\app\__init__.py:52]
2025-11-20 01:31:51,308 INFO: QIJC app starting [in C:\inetpub\wwwroot\QIJC-1\app\__init__.py:52]
2025-11-20 01:52:16,436 INFO: QIJC app starting [in C:\inetpub\wwwroot\QIJC-1\app\__init__.py:52]
2025-11-20 02:14:22,559 INFO: QIJC app starting [in C:\inetpub\wwwroot\QIJC-1\app\__init__.py:52]
2025-11-20 03:59:09,749 INFO: QIJC app starting [in C:\inetpub\wwwroot\QIJC-1\app\__init__.py:52]
2025-11-20 04:10:47,720 INFO: QIJC app starting [in C:\inetpub\wwwroot\QIJC-1\app\__init__.py:52]
2025-11-20 04:40:45,172 INFO: QIJC app starting [in C:\inetpub\wwwroot\QIJC-1\app\__init__.py:52]
2025-11-20 04:52:55,662 INFO: QIJC app starting [in C:\inetpub\wwwroot\QIJC-1\app\__init__.py:52]
2025-11-20 05:15:21,529 INFO: QIJC app starting [in C:\inetpub\wwwroot\QIJC-1\app\__init__.py:52]
2025-11-20 05:26:49,519 INFO: QIJC app starting [in C:\inetpub\wwwroot\QIJC-1\app\__init__.py:52]
2025-11-20 05:48:56,821 INFO: QIJC app starting [in C:\inetpub\wwwroot\QIJC-1\app\__init__.py:52]
2025-11-20 06:02:14,355 INFO: QIJC app starting [in C:\inetpub\wwwroot\QIJC-1\app\__init__.py:52]
2025-11-20 06:36:23,289 INFO: QIJC app starting [in C:\inetpub\wwwroot\QIJC-1\app\__init__.py:52]
2025-11-20 07:10:43,247 INFO: QIJC app starting [in C:\inetpub\wwwroot\QIJC-1\app\__init__.py:52]
2025-11-20 07:25:23,214 INFO: QIJC app starting [in C:\inetpub\wwwroot\QIJC-1\app\__init__.py:52]
2025-11-20 07:43:19,202 INFO: QIJC app starting [in C:\inetpub\wwwroot\QIJC-1\app\__init__.py:52]
2025-11-20 09:13:47,162 INFO: QIJC app starting [in C:\inetpub\wwwroot\QIJC-1\app\__init__.py:52]
2025-11-20 09:24:49,344 INFO: QIJC app starting [in C:\inetpub\wwwroot\QIJC-1\app\__init__.py:52]
2025-11-20 09:52:36,420 INFO: QIJC app starting [in C:\inetpub\wwwroot\QIJC-1\app\__init__.py:52]
2025-11-20 10:32:18,563 INFO: QIJC app starting [in C:\inetpub\wwwroot\QIJC-1\app\__init__.py:52]
2025-11-20 10:52:39,152 INFO: QIJC app starting [in C:\inetpub\wwwroot\QIJC-1\app\__init__.py:52]
2025-11-20 11:15:47,435 INFO: QIJC app starting [in C:\inetpub\wwwroot\QIJC-1\app\__init__.py:52]
2025-11-20 11:30:13,838 INFO: QIJC app starting [in C:\inetpub\wwwroot\QIJC-1\app\__init__.py:52]
2025-11-20 11:49:25,501 INFO: QIJC app starting [in C:\inetpub\wwwroot\QIJC-1\app\__init__.py:52]
2025-11-20 12:18:02,145 INFO: QIJC app starting [in C:\inetpub\wwwroot\QIJC-1\app\__init__.py:52]
2025-11-20 12:27:19,572 INFO: QIJC app starting [in C:\inetpub\wwwroot\QIJC-1\app\__init__.py:52]
2025-11-20 12:44:34,179 INFO: QIJC app starting [in C:\inetpub\wwwroot\QIJC-1\app\__init__.py:52]
2025-11-20 12:52:33,829 INFO: QIJC app starting [in C:\inetpub\wwwroot\QIJC-1\app\__init__.py:52]
2025-11-20 13:01:09,552 INFO: QIJC app starting [in C:\inetpub\wwwroot\QIJC-1\app\__init__.py:52]
2025-11-20 13:17:45,670 INFO: QIJC app starting [in C:\inetpub\wwwroot\QIJC-1\app\__init__.py:52]
2025-11-20 13:55:14,739 INFO: QIJC app starting [in C:\inetpub\wwwroot\QIJC-1\app\__init__.py:52]
2025-11-20 14:31:24,558 INFO: QIJC app starting [in C:\inetpub\wwwroot\QIJC-1\app\__init__.py:52]
2025-11-20 14:51:14,988 INFO: QIJC app starting [in C:\inetpub\wwwroot\QIJC-1\app\__init__.py:52]
2025-11-20 15:14:17,468 INFO: QIJC app starting [in C:\inetpub\wwwroot\QIJC-1\app\__init__.py:52]
2025-11-20 15:29:34,268 INFO: QIJC app starting [in C:\inetpub\wwwroot\QIJC-1\app\__init__.py:52]
2025-11-20 15:48:34,613 INFO: QIJC app starting [in C:\inetpub\wwwroot\QIJC-1\app\__init__.py:52]
2025-11-20 16:27:15,826 INFO: QIJC app starting [in C:\inetpub\wwwroot\QIJC-1\app\__init__.py:52]
2025-11-20 16:47:20,863 INFO: QIJC app starting [in C:\inetpub\wwwroot\QIJC-1\app\__init__.py:52]
2025-11-20 17:37:47,171 INFO: QIJC app starting [in C:\inetpub\wwwroot\QIJC-1\app\__init__.py:52]
2025-11-20 17:50:49,462 INFO: QIJC app starting [in C:\inetpub\wwwroot\QIJC-1\app\__init__.py:52]
2025-11-20 18:08:19,435 INFO: QIJC app starting [in C:\inetpub\wwwroot\QIJC-1\app\__init__.py:52]
2025-11-20 19:02:07,118 INFO: QIJC app starting [in C:\inetpub\wwwroot\QIJC-1\app\__init__.py:52]
2025-11-20 19:40:20,886 INFO: QIJC app starting [in C:\inetpub\wwwroot\QIJC-1\app\__init__.py:52]
2025-11-20 19:51:37,150 INFO: QIJC app starting [in C:\inetpub\wwwroot\QIJC-1\app\__init__.py:52]
2025-11-20 20:07:48,355 INFO: QIJC app starting [in C:\inetpub\wwwroot\QIJC-1\app\__init__.py:52]
2025-11-20 20:38:00,710 INFO: QIJC app starting [in C:\inetpub\wwwroot\QIJC-1\app\__init__.py:52]
2025-11-20 21:07:44,238 INFO: QIJC app starting [in C:\inetpub\wwwroot\QIJC-1\app\__init__.py:52]
2025-11-20 21:31:31,115 INFO: QIJC app starting [in C:\inetpub\wwwroot\QIJC-1\app\__init__.py:52]
2025-11-20 22:23:55,038 INFO: QIJC app starting [in C:\inetpub\wwwroot\QIJC-1\app\__init__.py:52]
2025-11-20 22:53:31,605 INFO: QIJC app starting [in C:\inetpub\wwwroot\QIJC-1\app\__init__.py:52]
2025-11-20 23:14:34,404 INFO: QIJC app starting [in C:\inetpub\wwwroot\QIJC-1\app\__init__.py:52]
2025-11-20 23:38:46,640 INFO: QIJC app starting [in C:\inetpub\wwwroot\QIJC-1\app\__init__.py:52]
2025-11-20 23:53:06,694 INFO: QIJC app starting [in C:\inetpub\wwwroot\QIJC-1\app\__init__.py:52]
2025-11-21 00:08:21,586 INFO: QIJC app starting [in C:\inetpub\wwwroot\QIJC-1\app\__init__.py:52]
2025-11-21 01:40:45,688 INFO: QIJC app starting [in C:\inetpub\wwwroot\QIJC-1\app\__init__.py:52]
2025-11-21 01:57:35,896 INFO: QIJC app starting [in C:\inetpub\wwwroot\QIJC-1\app\__init__.py:52]
2025-11-21 02:21:42,826 INFO: QIJC app starting [in C:\inetpub\wwwroot\QIJC-1\app\__init__.py:52]
2025-11-21 04:11:53,683 INFO: QIJC app starting [in C:\inetpub\wwwroot\QIJC-1\app\__init__.py:52]
2025-11-21 05:05:29,238 INFO: QIJC app starting [in C:\inetpub\wwwroot\QIJC-1\app\__init__.py:52]
2025-11-21 05:13:20,643 INFO: QIJC app starting [in C:\inetpub\wwwroot\QIJC-1\app\__init__.py:52]
2025-11-21 05:29:09,276 INFO: QIJC app starting [in C:\inetpub\wwwroot\QIJC-1\app\__init__.py:52]
2025-11-21 05:42:00,025 INFO: QIJC app starting [in C:\inetpub\wwwroot\QIJC-1\app\__init__.py:52]
2025-11-21 06:14:29,446 INFO: QIJC app starting [in C:\inetpub\wwwroot\QIJC-1\app\__init__.py:52]
2025-11-21 06:53:51,669 INFO: QIJC app starting [in C:\inetpub\wwwroot\QIJC-1\app\__init__.py:52]
2025-11-21 07:52:39,497 INFO: QIJC app starting [in C:\inetpub\wwwroot\QIJC-1\app\__init__.py:52]
2025-11-21 08:11:20,836 INFO: QIJC app starting [in C:\inetpub\wwwroot\QIJC-1\app\__init__.py:52]
2025-11-21 08:45:07,001 INFO: QIJC app starting [in C:\inetpub\wwwroot\QIJC-1\app\__init__.py:52]
2025-11-21 08:52:15,541 INFO: QIJC app starting [in C:\inetpub\wwwroot\QIJC-1\app\__init__.py:52]
2025-11-21 09:00:28,054 INFO: QIJC app starting [in C:\inetpub\wwwroot\QIJC-1\app\__init__.py:52]
2025-11-21 09:51:19,668 INFO: QIJC app starting [in C:\inetpub\wwwroot\QIJC-1\app\__init__.py:52]
2025-11-21 10:13:06,142 INFO: QIJC app starting [in C:\inetpub\wwwroot\QIJC-1\app\__init__.py:52]
2025-11-21 10:41:21,824 INFO: QIJC app starting [in C:\inetpub\wwwroot\QIJC-1\app\__init__.py:52]
2025-11-21 11:25:45,923 INFO: QIJC app starting [in C:\inetpub\wwwroot\QIJC-1\app\__init__.py:52]
2025-11-21 11:34:11,658 INFO: QIJC app starting [in C:\inetpub\wwwroot\QIJC-1\app\__init__.py:52]
2025-11-21 11:49:38,073 INFO: QIJC app starting [in C:\inetpub\wwwroot\QIJC-1\app\__init__.py:52]
2025-11-21 12:52:32,145 INFO: QIJC app starting [in C:\inetpub\wwwroot\QIJC-1\app\__init__.py:52]
2025-11-21 13:35:28,802 INFO: QIJC app starting [in C:\inetpub\wwwroot\QIJC-1\app\__init__.py:52]
2025-11-21 13:45:10,985 INFO: QIJC app starting [in C:\inetpub\wwwroot\QIJC-1\app\__init__.py:52]
2025-11-21 14:12:33,740 INFO: QIJC app starting [in C:\inetpub\wwwroot\QIJC-1\app\__init__.py:52]
2025-11-21 14:34:22,775 INFO: QIJC app starting [in C:\inetpub\wwwroot\QIJC-1\app\__init__.py:52]
2025-11-21 14:43:16,154 INFO: QIJC app starting [in C:\inetpub\wwwroot\QIJC-1\app\__init__.py:52]
2025-11-21 15:07:08,575 INFO: QIJC app starting [in C:\inetpub\wwwroot\QIJC-1\app\__init__.py:52]
2025-11-21 15:14:45,984 INFO: QIJC app starting [in C:\inetpub\wwwroot\QIJC-1\app\__init__.py:52]
2025-11-21 15:56:07,124 INFO: QIJC app starting [in C:\inetpub\wwwroot\QIJC-1\app\__init__.py:52]
2025-11-21 16:05:04,992 INFO: QIJC app starting [in C:\inetpub\wwwroot\QIJC-1\app\__init__.py:52]
2025-11-21 16:22:41,224 INFO: QIJC app starting [in C:\inetpub\wwwroot\QIJC-1\app\__init__.py:52]
2025-11-21 17:08:21,400 INFO: QIJC app starting [in C:\inetpub\wwwroot\QIJC-1\app\__init__.py:52]
2025-11-21 17:31:37,646 INFO: QIJC app starting [in C:\inetpub\wwwroot\QIJC-1\app\__init__.py:52]
2025-11-21 18:18:22,720 INFO: QIJC app starting [in C:\inetpub\wwwroot\QIJC-1\app\__init__.py:52]
2025-11-21 18:34:09,729 INFO: QIJC app starting [in C:\inetpub\wwwroot\QIJC-1\app\__init__.py:52]
2025-11-21 20:26:32,247 INFO: QIJC app starting [in C:\inetpub\wwwroot\QIJC-1\app\__init__.py:52]
2025-11-21 20:48:35,232 INFO: QIJC app starting [in C:\inetpub\wwwroot\QIJC-1\app\__init__.py:52]
2025-11-21 21:10:57,344 INFO: QIJC app starting [in C:\inetpub\wwwroot\QIJC-1\app\__init__.py:52]
2025-11-21 21:44:00,814 INFO: QIJC app starting [in C:\inetpub\wwwroot\QIJC-1\app\__init__.py:52]
2025-11-21 22:17:04,460 INFO: QIJC app starting [in C:\inetpub\wwwroot\QIJC-1\app\__init__.py:52]
2025-11-21 22:26:59,719 INFO: QIJC app starting [in C:\inetpub\wwwroot\QIJC-1\app\__init__.py:52]
2025-11-21 22:56:44,353 INFO: QIJC app starting [in C:\inetpub\wwwroot\QIJC-1\app\__init__.py:52]
2025-11-21 23:17:19,058 INFO: QIJC app starting [in C:\inetpub\wwwroot\QIJC-1\app\__init__.py:52]
2025-11-21 23:28:01,519 INFO: QIJC app starting [in C:\inetpub\wwwroot\QIJC-1\app\__init__.py:52]
2025-11-21 23:46:01,658 INFO: QIJC app starting [in C:\inetpub\wwwroot\QIJC-1\app\__init__.py:52]
2025-11-22 00:22:04,941 INFO: QIJC app starting [in C:\inetpub\wwwroot\QIJC-1\app\__init__.py:52]
2025-11-22 00:37:05,354 INFO: QIJC app starting [in C:\inetpub\wwwroot\QIJC-1\app\__init__.py:52]
2025-11-22 01:40:24,812 INFO: QIJC app starting [in C:\inetpub\wwwroot\QIJC-1\app\__init__.py:52]
2025-11-22 01:55:07,412 INFO: QIJC app starting [in C:\inetpub\wwwroot\QIJC-1\app\__init__.py:52]
2025-11-22 02:08:50,762 INFO: QIJC app starting [in C:\inetpub\wwwroot\QIJC-1\app\__init__.py:52]
2025-11-22 02:26:34,661 INFO: QIJC app starting [in C:\inetpub\wwwroot\QIJC-1\app\__init__.py:52]
2025-11-22 02:42:27,588 INFO: QIJC app starting [in C:\inetpub\wwwroot\QIJC-1\app\__init__.py:52]
2025-11-22 03:03:26,187 INFO: QIJC app starting [in C:\inetpub\wwwroot\QIJC-1\app\__init__.py:52]
2025-11-22 03:22:28,324 INFO: QIJC app starting [in C:\inetpub\wwwroot\QIJC-1\app\__init__.py:52]
2025-11-22 03:46:27,138 INFO: QIJC app starting [in C:\inetpub\wwwroot\QIJC-1\app\__init__.py:52]
2025-11-22 04:10:59,119 INFO: QIJC app starting [in C:\inetpub\wwwroot\QIJC-1\app\__init__.py:52]
2025-11-22 04:21:59,792 INFO: QIJC app starting [in C:\inetpub\wwwroot\QIJC-1\app\__init__.py:52]
2025-11-22 04:27:58,880 INFO: QIJC app starting [in C:\inetpub\wwwroot\QIJC-1\app\__init__.py:52]
2025-11-22 05:00:32,614 INFO: QIJC app starting [in C:\inetpub\wwwroot\QIJC-1\app\__init__.py:52]
2025-11-22 05:29:37,175 INFO: QIJC app starting [in C:\inetpub\wwwroot\QIJC-1\app\__init__.py:52]
2025-11-22 05:41:06,542 INFO: QIJC app starting [in C:\inetpub\wwwroot\QIJC-1\app\__init__.py:52]
2025-11-22 05:52:37,023 INFO: QIJC app starting [in C:\inetpub\wwwroot\QIJC-1\app\__init__.py:52]
2025-11-22 05:58:22,476 INFO: QIJC app starting [in C:\inetpub\wwwroot\QIJC-1\app\__init__.py:52]
2025-11-22 06:16:34,108 INFO: QIJC app starting [in C:\inetpub\wwwroot\QIJC-1\app\__init__.py:52]
2025-11-22 06:41:49,498 INFO: QIJC app starting [in C:\inetpub\wwwroot\QIJC-1\app\__init__.py:52]
2025-11-22 07:15:01,425 INFO: QIJC app starting [in C:\inetpub\wwwroot\QIJC-1\app\__init__.py:52]
2025-11-22 07:39:18,755 INFO: QIJC app starting [in C:\inetpub\wwwroot\QIJC-1\app\__init__.py:52]
2025-11-22 07:51:00,809 INFO: QIJC app starting [in C:\inetpub\wwwroot\QIJC-1\app\__init__.py:52]
2025-11-22 08:54:33,668 INFO: QIJC app starting [in C:\inetpub\wwwroot\QIJC-1\app\__init__.py:52]
2025-11-22 09:26:01,092 INFO: QIJC app starting [in C:\inetpub\wwwroot\QIJC-1\app\__init__.py:52]
2025-11-22 10:14:05,803 INFO: QIJC app starting [in C:\inetpub\wwwroot\QIJC-1\app\__init__.py:52]
2025-11-22 10:28:51,276 INFO: QIJC app starting [in C:\inetpub\wwwroot\QIJC-1\app\__init__.py:52]
2025-11-22 11:39:59,153 INFO: QIJC app starting [in C:\inetpub\wwwroot\QIJC-1\app\__init__.py:52]
2025-11-22 12:20:20,898 INFO: QIJC app starting [in C:\inetpub\wwwroot\QIJC-1\app\__init__.py:52]
2025-11-22 12:41:13,331 INFO: QIJC app starting [in C:\inetpub\wwwroot\QIJC-1\app\__init__.py:52]
2025-11-22 13:14:15,314 INFO: QIJC app starting [in C:\inetpub\wwwroot\QIJC-1\app\__init__.py:52]
2025-11-22 13:51:09,731 INFO: QIJC app starting [in C:\inetpub\wwwroot\QIJC-1\app\__init__.py:52]
2025-11-22 13:57:44,818 INFO: QIJC app starting [in C:\inetpub\wwwroot\QIJC-1\app\__init__.py:52]
2025-11-22 14:10:32,894 INFO: QIJC app starting [in C:\inetpub\wwwroot\QIJC-1\app\__init__.py:52]
2025-11-22 14:51:33,662 INFO: QIJC app starting [in C:\inetpub\wwwroot\QIJC-1\app\__init__.py:52]
2025-11-22 15:54:48,280 INFO: QIJC app starting [in C:\inetpub\wwwroot\QIJC-1\app\__init__.py:52]
2025-11-22 16:30:21,068 INFO: QIJC app starting [in C:\inetpub\wwwroot\QIJC-1\app\__init__.py:52]
2025-11-22 16:30:21,351 INFO: QIJC app starting [in C:\inetpub\wwwroot\QIJC-1\app\__init__.py:52]
2025-11-22 16:30:21,690 INFO: QIJC app starting [in C:\inetpub\wwwroot\QIJC-1\app\__init__.py:52]
2025-11-22 16:30:22,374 INFO: QIJC app starting [in C:\inetpub\wwwroot\QIJC-1\app\__init__.py:52]
2025-11-22 17:02:19,218 INFO: QIJC app starting [in C:\inetpub\wwwroot\QIJC-1\app\__init__.py:52]
2025-11-22 17:45:51,432 INFO: QIJC app starting [in C:\inetpub\wwwroot\QIJC-1\app\__init__.py:52]
2025-11-22 17:56:52,609 INFO: QIJC app starting [in C:\inetpub\wwwroot\QIJC-1\app\__init__.py:52]
2025-11-22 18:16:11,992 INFO: QIJC app starting [in C:\inetpub\wwwroot\QIJC-1\app\__init__.py:52]
2025-11-22 18:50:38,334 INFO: QIJC app starting [in C:\inetpub\wwwroot\QIJC-1\app\__init__.py:52]
2025-11-22 19:41:30,742 INFO: QIJC app starting [in C:\inetpub\wwwroot\QIJC-1\app\__init__.py:52]
2025-11-22 20:35:25,030 INFO: QIJC app starting [in C:\inetpub\wwwroot\QIJC-1\app\__init__.py:52]
2025-11-22 21:41:53,577 INFO: QIJC app starting [in C:\inetpub\wwwroot\QIJC-1\app\__init__.py:52]
2025-11-22 21:42:02,107 INFO: QIJC app starting [in C:\inetpub\wwwroot\QIJC-1\app\__init__.py:52]
2025-11-22 21:49:20,866 INFO: QIJC app starting [in C:\inetpub\wwwroot\QIJC-1\app\__init__.py:52]
2025-11-22 22:35:38,055 INFO: QIJC app starting [in C:\inetpub\wwwroot\QIJC-1\app\__init__.py:52]
2025-11-22 22:55:48,336 INFO: QIJC app starting [in C:\inetpub\wwwroot\QIJC-1\app\__init__.py:52]
2025-11-22 23:24:00,416 INFO: QIJC app starting [in C:\inetpub\wwwroot\QIJC-1\app\__init__.py:52]
2025-11-22 23:41:28,012 INFO: QIJC app starting [in C:\inetpub\wwwroot\QIJC-1\app\__init__.py:52]
2025-11-23 00:00:12,174 INFO: QIJC app starting [in C:\inetpub\wwwroot\QIJC-1\app\__init__.py:52]
2025-11-23 00:18:52,919 INFO: QIJC app starting [in C:\inetpub\wwwroot\QIJC-1\app\__init__.py:52]
2025-11-23 00:38:43,305 INFO: QIJC app starting [in C:\inetpub\wwwroot\QIJC-1\app\__init__.py:52]
2025-11-23 01:38:18,351 INFO: QIJC app starting [in C:\inetpub\wwwroot\QIJC-1\app\__init__.py:52]
2025-11-23 01:46:36,383 INFO: QIJC app starting [in C:\inetpub\wwwroot\QIJC-1\app\__init__.py:52]
2025-11-23 02:17:20,954 INFO: QIJC app starting [in C:\inetpub\wwwroot\QIJC-1\app\__init__.py:52]
2025-11-23 03:05:08,368 INFO: QIJC app starting [in C:\inetpub\wwwroot\QIJC-1\app\__init__.py:52]
2025-11-23 03:10:25,012 INFO: QIJC app starting [in C:\inetpub\wwwroot\QIJC-1\app\__init__.py:52]
2025-11-23 03:21:47,079 INFO: QIJC app starting [in C:\inetpub\wwwroot\QIJC-1\app\__init__.py:52]
2025-11-23 04:07:18,214 INFO: QIJC app starting [in C:\inetpub\wwwroot\QIJC-1\app\__init__.py:52]
2025-11-23 04:15:19,208 INFO: QIJC app starting [in C:\inetpub\wwwroot\QIJC-1\app\__init__.py:52]
2025-11-23 04:25:56,849 INFO: QIJC app starting [in C:\inetpub\wwwroot\QIJC-1\app\__init__.py:52]
2025-11-23 05:15:56,885 INFO: QIJC app starting [in C:\inetpub\wwwroot\QIJC-1\app\__init__.py:52]
2025-11-23 05:30:01,420 INFO: QIJC app starting [in C:\inetpub\wwwroot\QIJC-1\app\__init__.py:52]
2025-11-23 06:11:37,858 INFO: QIJC app starting [in C:\inetpub\wwwroot\QIJC-1\app\__init__.py:52]
2025-11-23 06:18:00,782 INFO: QIJC app starting [in C:\inetpub\wwwroot\QIJC-1\app\__init__.py:52]
2025-11-23 06:46:28,513 INFO: QIJC app starting [in C:\inetpub\wwwroot\QIJC-1\app\__init__.py:52]
2025-11-23 08:22:20,299 INFO: QIJC app starting [in C:\inetpub\wwwroot\QIJC-1\app\__init__.py:52]
2025-11-23 08:46:12,288 INFO: QIJC app starting [in C:\inetpub\wwwroot\QIJC-1\app\__init__.py:52]
2025-11-23 09:38:50,356 INFO: QIJC app starting [in C:\inetpub\wwwroot\QIJC-1\app\__init__.py:52]
2025-11-23 09:44:34,178 INFO: QIJC app starting [in C:\inetpub\wwwroot\QIJC-1\app\__init__.py:52]
2025-11-23 11:56:52,470 INFO: QIJC app starting [in C:\inetpub\wwwroot\QIJC-1\app\__init__.py:52]
2025-11-23 12:40:56,582 INFO: QIJC app starting [in C:\inetpub\wwwroot\QIJC-1\app\__init__.py:52]
2025-11-23 13:37:07,326 INFO: QIJC app starting [in C:\inetpub\wwwroot\QIJC-1\app\__init__.py:52]
2025-11-23 13:44:11,247 INFO: QIJC app starting [in C:\inetpub\wwwroot\QIJC-1\app\__init__.py:52]
2025-11-23 15:34:47,235 INFO: QIJC app starting [in C:\inetpub\wwwroot\QIJC-1\app\__init__.py:52]
2025-11-23 15:42:19,211 INFO: QIJC app starting [in C:\inetpub\wwwroot\QIJC-1\app\__init__.py:52]
2025-11-23 15:51:48,033 INFO: QIJC app starting [in C:\inetpub\wwwroot\QIJC-1\app\__init__.py:52]
2025-11-23 16:33:00,419 INFO: QIJC app starting [in C:\inetpub\wwwroot\QIJC-1\app\__init__.py:52]
2025-11-23 16:44:58,235 INFO: QIJC app starting [in C:\inetpub\wwwroot\QIJC-1\app\__init__.py:52]
2025-11-23 17:04:46,068 INFO: QIJC app starting [in C:\inetpub\wwwroot\QIJC-1\app\__init__.py:52]
2025-11-23 18:00:17,100 INFO: QIJC app starting [in C:\inetpub\wwwroot\QIJC-1\app\__init__.py:52]
2025-11-23 18:13:26,169 INFO: QIJC app starting [in C:\inetpub\wwwroot\QIJC-1\app\__init__.py:52]
2025-11-23 18:47:06,761 INFO: QIJC app starting [in C:\inetpub\wwwroot\QIJC-1\app\__init__.py:52]
2025-11-23 19:02:23,803 INFO: QIJC app starting [in C:\inetpub\wwwroot\QIJC-1\app\__init__.py:52]
2025-11-23 19:14:36,093 INFO: QIJC app starting [in C:\inetpub\wwwroot\QIJC-1\app\__init__.py:52]
2025-11-23 19:39:59,291 INFO: QIJC app starting [in C:\inetpub\wwwroot\QIJC-1\app\__init__.py:52]
2025-11-23 20:03:47,242 INFO: QIJC app starting [in C:\inetpub\wwwroot\QIJC-1\app\__init__.py:52]
2025-11-23 20:24:43,597 INFO: QIJC app starting [in C:\inetpub\wwwroot\QIJC-1\app\__init__.py:52]
2025-11-23 21:00:00,954 INFO: QIJC app starting [in C:\inetpub\wwwroot\QIJC-1\app\__init__.py:52]
2025-11-23 21:18:02,576 INFO: QIJC app starting [in C:\inetpub\wwwroot\QIJC-1\app\__init__.py:52]
2025-11-23 21:51:45,779 INFO: QIJC app starting [in C:\inetpub\wwwroot\QIJC-1\app\__init__.py:52]
2025-11-23 22:06:45,287 INFO: QIJC app starting [in C:\inetpub\wwwroot\QIJC-1\app\__init__.py:52]
2025-11-23 22:25:08,414 INFO: QIJC app starting [in C:\inetpub\wwwroot\QIJC-1\app\__init__.py:52]
2025-11-23 22:33:18,818 INFO: QIJC app starting [in C:\inetpub\wwwroot\QIJC-1\app\__init__.py:52]
2025-11-23 22:48:35,955 INFO: QIJC app starting [in C:\inetpub\wwwroot\QIJC-1\app\__init__.py:52]
2025-11-23 23:16:36,444 INFO: QIJC app starting [in C:\inetpub\wwwroot\QIJC-1\app\__init__.py:52]
2025-11-23 23:46:05,892 INFO: QIJC app starting [in C:\inetpub\wwwroot\QIJC-1\app\__init__.py:52]
2025-11-23 23:46:11,060 INFO: QIJC app starting [in C:\inetpub\wwwroot\QIJC-1\app\__init__.py:52]
2025-11-24 00:05:15,200 INFO: QIJC app starting [in C:\inetpub\wwwroot\QIJC-1\app\__init__.py:52]
2025-11-24 00:29:41,346 INFO: QIJC app starting [in C:\inetpub\wwwroot\QIJC-1\app\__init__.py:52]
2025-11-24 01:15:09,558 INFO: QIJC app starting [in C:\inetpub\wwwroot\QIJC-1\app\__init__.py:52]
2025-11-24 01:40:21,865 INFO: QIJC app starting [in C:\inetpub\wwwroot\QIJC-1\app\__init__.py:52]
2025-11-24 01:46:24,275 INFO: QIJC app starting [in C:\inetpub\wwwroot\QIJC-1\app\__init__.py:52]
2025-11-24 02:14:24,065 INFO: QIJC app starting [in C:\inetpub\wwwroot\QIJC-1\app\__init__.py:52]
2025-11-24 02:24:35,228 INFO: QIJC app starting [in C:\inetpub\wwwroot\QIJC-1\app\__init__.py:52]
2025-11-24 03:34:17,902 INFO: QIJC app starting [in C:\inetpub\wwwroot\QIJC-1\app\__init__.py:52]
2025-11-24 03:45:42,757 INFO: QIJC app starting [in C:\inetpub\wwwroot\QIJC-1\app\__init__.py:52]
2025-11-24 03:59:05,622 INFO: QIJC app starting [in C:\inetpub\wwwroot\QIJC-1\app\__init__.py:52]
2025-11-24 04:34:00,271 INFO: QIJC app starting [in C:\inetpub\wwwroot\QIJC-1\app\__init__.py:52]
2025-11-24 04:45:08,669 INFO: QIJC app starting [in C:\inetpub\wwwroot\QIJC-1\app\__init__.py:52]
2025-11-24 04:53:39,429 INFO: QIJC app starting [in C:\inetpub\wwwroot\QIJC-1\app\__init__.py:52]
2025-11-24 05:05:22,130 INFO: QIJC app starting [in C:\inetpub\wwwroot\QIJC-1\app\__init__.py:52]
2025-11-24 05:34:40,569 INFO: QIJC app starting [in C:\inetpub\wwwroot\QIJC-1\app\__init__.py:52]
2025-11-24 05:48:02,480 INFO: QIJC app starting [in C:\inetpub\wwwroot\QIJC-1\app\__init__.py:52]
2025-11-24 06:00:56,122 INFO: QIJC app starting [in C:\inetpub\wwwroot\QIJC-1\app\__init__.py:52]
2025-11-24 07:23:14,777 INFO: QIJC app starting [in C:\inetpub\wwwroot\QIJC-1\app\__init__.py:52]
2025-11-24 07:47:04,283 INFO: QIJC app starting [in C:\inetpub\wwwroot\QIJC-1\app\__init__.py:52]
2025-11-24 07:53:38,235 INFO: QIJC app starting [in C:\inetpub\wwwroot\QIJC-1\app\__init__.py:52]
2025-11-24 08:51:35,007 INFO: QIJC app starting [in C:\inetpub\wwwroot\QIJC-1\app\__init__.py:52]
2025-11-24 09:12:02,359 INFO: QIJC app starting [in C:\inetpub\wwwroot\QIJC-1\app\__init__.py:52]
2025-11-24 09:45:57,394 INFO: QIJC app starting [in C:\inetpub\wwwroot\QIJC-1\app\__init__.py:52]
2025-11-24 09:58:05,359 INFO: QIJC app starting [in C:\inetpub\wwwroot\QIJC-1\app\__init__.py:52]
2025-11-24 10:19:41,787 INFO: QIJC app starting [in C:\inetpub\wwwroot\QIJC-1\app\__init__.py:52]
2025-11-24 10:19:47,308 INFO: QIJC app starting [in C:\inetpub\wwwroot\QIJC-1\app\__init__.py:52]
2025-11-24 10:29:24,557 INFO: QIJC app starting [in C:\inetpub\wwwroot\QIJC-1\app\__init__.py:52]
2025-11-24 10:35:12,325 INFO: QIJC app starting [in C:\inetpub\wwwroot\QIJC-1\app\__init__.py:52]
2025-11-24 11:30:07,149 INFO: QIJC app starting [in C:\inetpub\wwwroot\QIJC-1\app\__init__.py:52]
2025-11-24 12:58:12,265 INFO: QIJC app starting [in C:\inetpub\wwwroot\QIJC-1\app\__init__.py:52]
2025-11-24 13:15:46,434 INFO: QIJC app starting [in C:\inetpub\wwwroot\QIJC-1\app\__init__.py:52]
2025-11-24 13:23:20,718 INFO: QIJC app starting [in C:\inetpub\wwwroot\QIJC-1\app\__init__.py:52]
2025-11-24 13:45:21,276 INFO: QIJC app starting [in C:\inetpub\wwwroot\QIJC-1\app\__init__.py:52]
2025-11-24 13:59:13,412 INFO: QIJC app starting [in C:\inetpub\wwwroot\QIJC-1\app\__init__.py:52]
2025-11-24 14:14:24,131 INFO: QIJC app starting [in C:\inetpub\wwwroot\QIJC-1\app\__init__.py:52]
2025-11-24 14:25:31,462 INFO: QIJC app starting [in C:\inetpub\wwwroot\QIJC-1\app\__init__.py:52]
2025-11-24 15:29:30,179 INFO: QIJC app starting [in C:\inetpub\wwwroot\QIJC-1\app\__init__.py:52]
2025-11-24 15:55:44,913 INFO: QIJC app starting [in C:\inetpub\wwwroot\QIJC-1\app\__init__.py:52]
2025-11-24 16:40:13,221 INFO: QIJC app starting [in C:\inetpub\wwwroot\QIJC-1\app\__init__.py:52]
2025-11-24 17:24:02,581 INFO: QIJC app starting [in C:\inetpub\wwwroot\QIJC-1\app\__init__.py:52]
2025-11-24 17:45:15,312 INFO: QIJC app starting [in C:\inetpub\wwwroot\QIJC-1\app\__init__.py:52]
2025-11-24 18:16:14,037 INFO: QIJC app starting [in C:\inetpub\wwwroot\QIJC-1\app\__init__.py:52]
2025-11-24 18:47:36,736 INFO: QIJC app starting [in C:\inetpub\wwwroot\QIJC-1\app\__init__.py:52]
2025-11-24 19:11:22,774 INFO: QIJC app starting [in C:\inetpub\wwwroot\QIJC-1\app\__init__.py:52]
2025-11-24 19:20:41,992 INFO: QIJC app starting [in C:\inetpub\wwwroot\QIJC-1\app\__init__.py:52]
2025-11-24 19:31:33,002 INFO: QIJC app starting [in C:\inetpub\wwwroot\QIJC-1\app\__init__.py:52]
2025-11-24 20:00:38,939 INFO: QIJC app starting [in C:\inetpub\wwwroot\QIJC-1\app\__init__.py:52]
2025-11-24 20:35:15,739 INFO: QIJC app starting [in C:\inetpub\wwwroot\QIJC-1\app\__init__.py:52]
2025-11-24 21:01:34,321 INFO: QIJC app starting [in C:\inetpub\wwwroot\QIJC-1\app\__init__.py:52]
2025-11-24 21:30:37,629 INFO: QIJC app starting [in C:\inetpub\wwwroot\QIJC-1\app\__init__.py:52]
2025-11-24 22:19:47,585 INFO: QIJC app starting [in C:\inetpub\wwwroot\QIJC-1\app\__init__.py:52]
2025-11-24 22:38:05,436 INFO: QIJC app starting [in C:\inetpub\wwwroot\QIJC-1\app\__init__.py:52]
2025-11-24 23:04:05,922 INFO: QIJC app starting [in C:\inetpub\wwwroot\QIJC-1\app\__init__.py:52]
2025-11-24 23:15:31,797 INFO: QIJC app starting [in C:\inetpub\wwwroot\QIJC-1\app\__init__.py:52]
2025-11-24 23:15:39,438 INFO: QIJC app starting [in C:\inetpub\wwwroot\QIJC-1\app\__init__.py:52]
2025-11-24 23:29:03,585 INFO: QIJC app starting [in C:\inetpub\wwwroot\QIJC-1\app\__init__.py:52]
2025-11-24 23:54:06,760 INFO: QIJC app starting [in C:\inetpub\wwwroot\QIJC-1\app\__init__.py:52]
2025-11-25 00:37:02,257 INFO: QIJC app starting [in C:\inetpub\wwwroot\QIJC-1\app\__init__.py:52]
2025-11-25 01:03:16,098 INFO: QIJC app starting [in C:\inetpub\wwwroot\QIJC-1\app\__init__.py:52]
2025-11-25 01:21:19,002 INFO: QIJC app starting [in C:\inetpub\wwwroot\QIJC-1\app\__init__.py:52]
2025-11-25 02:20:12,878 INFO: QIJC app starting [in C:\inetpub\wwwroot\QIJC-1\app\__init__.py:52]
2025-11-25 02:28:12,906 INFO: QIJC app starting [in C:\inetpub\wwwroot\QIJC-1\app\__init__.py:52]
2025-11-25 02:41:03,889 INFO: QIJC app starting [in C:\inetpub\wwwroot\QIJC-1\app\__init__.py:52]
2025-11-25 02:53:22,894 INFO: QIJC app starting [in C:\inetpub\wwwroot\QIJC-1\app\__init__.py:52]
2025-11-25 03:28:40,727 INFO: QIJC app starting [in C:\inetpub\wwwroot\QIJC-1\app\__init__.py:52]
2025-11-25 03:35:27,497 INFO: QIJC app starting [in C:\inetpub\wwwroot\QIJC-1\app\__init__.py:52]
2025-11-25 03:47:10,593 INFO: QIJC app starting [in C:\inetpub\wwwroot\QIJC-1\app\__init__.py:52]
2025-11-25 04:14:01,822 INFO: QIJC app starting [in C:\inetpub\wwwroot\QIJC-1\app\__init__.py:52]
2025-11-25 04:31:09,144 INFO: QIJC app starting [in C:\inetpub\wwwroot\QIJC-1\app\__init__.py:52]
2025-11-25 06:09:19,303 INFO: QIJC app starting [in C:\inetpub\wwwroot\QIJC-1\app\__init__.py:52]
2025-11-25 07:44:36,621 INFO: QIJC app starting [in C:\inetpub\wwwroot\QIJC-1\app\__init__.py:52]
2025-11-25 08:09:54,256 INFO: QIJC app starting [in C:\inetpub\wwwroot\QIJC-1\app\__init__.py:52]
2025-11-25 10:14:42,428 INFO: QIJC app starting [in C:\inetpub\wwwroot\QIJC-1\app\__init__.py:52]
2025-11-25 10:38:02,622 INFO: QIJC app starting [in C:\inetpub\wwwroot\QIJC-1\app\__init__.py:52]
2025-11-25 11:17:56,231 INFO: QIJC app starting [in C:\inetpub\wwwroot\QIJC-1\app\__init__.py:52]
2025-11-25 11:45:19,239 INFO: QIJC app starting [in C:\inetpub\wwwroot\QIJC-1\app\__init__.py:52]
2025-11-25 11:58:09,943 INFO: QIJC app starting [in C:\inetpub\wwwroot\QIJC-1\app\__init__.py:52]
2025-11-25 12:18:21,960 INFO: QIJC app starting [in C:\inetpub\wwwroot\QIJC-1\app\__init__.py:52]
2025-11-25 12:28:41,627 INFO: QIJC app starting [in C:\inetpub\wwwroot\QIJC-1\app\__init__.py:52]
2025-11-25 13:45:07,479 INFO: QIJC app starting [in C:\inetpub\wwwroot\QIJC-1\app\__init__.py:52]
2025-11-25 13:50:27,049 INFO: QIJC app starting [in C:\inetpub\wwwroot\QIJC-1\app\__init__.py:52]
2025-11-25 14:16:02,487 INFO: QIJC app starting [in C:\inetpub\wwwroot\QIJC-1\app\__init__.py:52]
2025-11-25 14:34:27,340 INFO: QIJC app starting [in C:\inetpub\wwwroot\QIJC-1\app\__init__.py:52]
2025-11-25 14:42:12,241 INFO: QIJC app starting [in C:\inetpub\wwwroot\QIJC-1\app\__init__.py:52]
2025-11-25 15:30:30,360 INFO: QIJC app starting [in C:\inetpub\wwwroot\QIJC-1\app\__init__.py:52]
2025-11-25 15:37:47,937 INFO: QIJC app starting [in C:\inetpub\wwwroot\QIJC-1\app\__init__.py:52]
2025-11-25 15:52:15,043 INFO: QIJC app starting [in C:\inetpub\wwwroot\QIJC-1\app\__init__.py:52]
2025-11-25 16:29:03,264 INFO: QIJC app starting [in C:\inetpub\wwwroot\QIJC-1\app\__init__.py:52]
2025-11-25 16:42:57,945 INFO: QIJC app starting [in C:\inetpub\wwwroot\QIJC-1\app\__init__.py:52]
2025-11-25 16:50:56,036 INFO: QIJC app starting [in C:\inetpub\wwwroot\QIJC-1\app\__init__.py:52]
2025-11-25 17:03:16,337 INFO: QIJC app starting [in C:\inetpub\wwwroot\QIJC-1\app\__init__.py:52]
2025-11-25 17:50:53,347 INFO: QIJC app starting [in C:\inetpub\wwwroot\QIJC-1\app\__init__.py:52]
2025-11-25 18:16:22,589 INFO: QIJC app starting [in C:\inetpub\wwwroot\QIJC-1\app\__init__.py:52]
2025-11-25 18:57:39,716 INFO: QIJC app starting [in C:\inetpub\wwwroot\QIJC-1\app\__init__.py:52]
2025-11-25 19:10:14,435 INFO: QIJC app starting [in C:\inetpub\wwwroot\QIJC-1\app\__init__.py:52]
2025-11-25 20:05:45,922 INFO: QIJC app starting [in C:\inetpub\wwwroot\QIJC-1\app\__init__.py:52]
2025-11-25 20:49:43,909 INFO: QIJC app starting [in C:\inetpub\wwwroot\QIJC-1\app\__init__.py:52]
2025-11-25 20:59:15,045 INFO: QIJC app starting [in C:\inetpub\wwwroot\QIJC-1\app\__init__.py:52]
2025-11-25 21:06:57,091 INFO: QIJC app starting [in C:\inetpub\wwwroot\QIJC-1\app\__init__.py:52]
2025-11-25 21:23:41,405 INFO: QIJC app starting [in C:\inetpub\wwwroot\QIJC-1\app\__init__.py:52]
2025-11-25 21:56:46,083 INFO: QIJC app starting [in C:\inetpub\wwwroot\QIJC-1\app\__init__.py:52]
2025-11-25 23:00:33,886 INFO: QIJC app starting [in C:\inetpub\wwwroot\QIJC-1\app\__init__.py:52]
2025-11-25 23:06:07,114 INFO: QIJC app starting [in C:\inetpub\wwwroot\QIJC-1\app\__init__.py:52]
2025-11-25 23:12:57,831 INFO: QIJC app starting [in C:\inetpub\wwwroot\QIJC-1\app\__init__.py:52]
2025-11-25 23:28:10,789 INFO: QIJC app starting [in C:\inetpub\wwwroot\QIJC-1\app\__init__.py:52]
2025-11-25 23:28:16,681 INFO: QIJC app starting [in C:\inetpub\wwwroot\QIJC-1\app\__init__.py:52]
2025-11-25 23:28:17,012 INFO: QIJC app starting [in C:\inetpub\wwwroot\QIJC-1\app\__init__.py:52]
2025-11-26 00:06:35,147 INFO: QIJC app starting [in C:\inetpub\wwwroot\QIJC-1\app\__init__.py:52]
2025-11-26 00:39:58,499 INFO: QIJC app starting [in C:\inetpub\wwwroot\QIJC-1\app\__init__.py:52]
2025-11-26 00:48:28,405 INFO: QIJC app starting [in C:\inetpub\wwwroot\QIJC-1\app\__init__.py:52]
2025-11-26 00:58:36,462 INFO: QIJC app starting [in C:\inetpub\wwwroot\QIJC-1\app\__init__.py:52]
2025-11-26 01:18:32,422 INFO: QIJC app starting [in C:\inetpub\wwwroot\QIJC-1\app\__init__.py:52]
2025-11-26 02:09:01,665 INFO: QIJC app starting [in C:\inetpub\wwwroot\QIJC-1\app\__init__.py:52]
2025-11-26 02:35:20,526 INFO: QIJC app starting [in C:\inetpub\wwwroot\QIJC-1\app\__init__.py:52]
2025-11-26 03:11:59,764 INFO: QIJC app starting [in C:\inetpub\wwwroot\QIJC-1\app\__init__.py:52]
2025-11-26 03:26:56,266 INFO: QIJC app starting [in C:\inetpub\wwwroot\QIJC-1\app\__init__.py:52]
2025-11-26 04:23:43,863 INFO: QIJC app starting [in C:\inetpub\wwwroot\QIJC-1\app\__init__.py:52]
2025-11-26 05:25:05,206 INFO: QIJC app starting [in C:\inetpub\wwwroot\QIJC-1\app\__init__.py:52]
2025-11-26 06:38:13,166 INFO: QIJC app starting [in C:\inetpub\wwwroot\QIJC-1\app\__init__.py:52]
2025-11-26 08:02:31,632 INFO: QIJC app starting [in C:\inetpub\wwwroot\QIJC-1\app\__init__.py:52]
2025-11-26 08:27:57,430 INFO: QIJC app starting [in C:\inetpub\wwwroot\QIJC-1\app\__init__.py:52]
2025-11-26 08:47:52,801 INFO: QIJC app starting [in C:\inetpub\wwwroot\QIJC-1\app\__init__.py:52]
2025-11-26 10:18:09,780 INFO: QIJC app starting [in C:\inetpub\wwwroot\QIJC-1\app\__init__.py:52]
2025-11-26 10:27:37,310 INFO: QIJC app starting [in C:\inetpub\wwwroot\QIJC-1\app\__init__.py:52]
2025-11-26 10:45:30,458 INFO: QIJC app starting [in C:\inetpub\wwwroot\QIJC-1\app\__init__.py:52]
2025-11-26 11:14:33,720 INFO: QIJC app starting [in C:\inetpub\wwwroot\QIJC-1\app\__init__.py:52]
2025-11-26 11:27:05,790 INFO: QIJC app starting [in C:\inetpub\wwwroot\QIJC-1\app\__init__.py:52]
2025-11-26 11:35:35,761 INFO: QIJC app starting [in C:\inetpub\wwwroot\QIJC-1\app\__init__.py:52]
2025-11-26 11:59:55,412 INFO: QIJC app starting [in C:\inetpub\wwwroot\QIJC-1\app\__init__.py:52]
2025-11-26 12:18:04,082 INFO: QIJC app starting [in C:\inetpub\wwwroot\QIJC-1\app\__init__.py:52]
2025-11-26 12:44:47,097 INFO: QIJC app starting [in C:\inetpub\wwwroot\QIJC-1\app\__init__.py:52]
2025-11-26 13:36:42,934 INFO: QIJC app starting [in C:\inetpub\wwwroot\QIJC-1\app\__init__.py:52]
2025-11-26 14:15:29,377 INFO: QIJC app starting [in C:\inetpub\wwwroot\QIJC-1\app\__init__.py:52]
2025-11-26 14:19:26,105 INFO: QIJC app starting [in C:\inetpub\wwwroot\QIJC-1\app\__init__.py:52]
2025-11-26 14:22:13,044 INFO: QIJC app starting [in C:\inetpub\wwwroot\QIJC-1\app\__init__.py:52]
2025-11-26 14:27:08,894 INFO: QIJC app starting [in C:\inetpub\wwwroot\QIJC-1\app\__init__.py:52]
2025-11-26 14:27:11,348 INFO: QIJC app starting [in C:\inetpub\wwwroot\QIJC-1\app\__init__.py:52]
2025-11-26 14:29:01,869 INFO: QIJC app starting [in C:\inetpub\wwwroot\QIJC-1\app\__init__.py:52]
2025-11-26 14:29:03,996 INFO: QIJC app starting [in C:\inetpub\wwwroot\QIJC-1\app\__init__.py:52]
2025-11-26 14:32:49,700 INFO: QIJC app starting [in C:\inetpub\wwwroot\QIJC-1\app\__init__.py:52]
2025-11-26 14:32:52,256 INFO: QIJC app starting [in C:\inetpub\wwwroot\QIJC-1\app\__init__.py:52]
2025-11-26 14:35:55,256 INFO: QIJC app starting [in C:\inetpub\wwwroot\QIJC-1\app\__init__.py:52]
2025-11-26 14:35:58,096 INFO: QIJC app starting [in C:\inetpub\wwwroot\QIJC-1\app\__init__.py:52]
2025-11-26 14:39:07,337 INFO: QIJC app starting [in C:\inetpub\wwwroot\QIJC-1\app\__init__.py:52]
2025-11-26 14:43:11,594 INFO: QIJC app starting [in C:\inetpub\wwwroot\QIJC-1\app\__init__.py:52]
2025-11-26 14:47:08,895 INFO: QIJC app starting [in C:\inetpub\wwwroot\QIJC-1\app\__init__.py:52]
2025-11-26 15:02:40,782 INFO: QIJC app starting [in C:\inetpub\wwwroot\QIJC-1\app\__init__.py:52]
2025-11-26 15:05:32,489 INFO: QIJC app starting [in C:\inetpub\wwwroot\QIJC-1\app\__init__.py:52]
2025-11-26 15:25:17,400 INFO: QIJC app starting [in C:\inetpub\wwwroot\QIJC-1\app\__init__.py:52]
2025-11-26 15:25:21,192 INFO: QIJC app starting [in C:\inetpub\wwwroot\QIJC-1\app\__init__.py:52]
2025-11-26 15:25:21,672 INFO: QIJC app starting [in C:\inetpub\wwwroot\QIJC-1\app\__init__.py:52]
2025-11-26 15:50:46,655 INFO: QIJC app starting [in C:\inetpub\wwwroot\QIJC-1\app\__init__.py:52]
2025-11-26 15:57:05,955 INFO: QIJC app starting [in C:\inetpub\wwwroot\QIJC-1\app\__init__.py:52]
2025-11-26 16:38:14,311 INFO: QIJC app starting [in C:\inetpub\wwwroot\QIJC-1\app\__init__.py:52]
2025-11-26 16:56:16,001 INFO: QIJC app starting [in C:\inetpub\wwwroot\QIJC-1\app\__init__.py:52]
2025-11-26 17:09:01,665 INFO: QIJC app starting [in C:\inetpub\wwwroot\QIJC-1\app\__init__.py:52]
2025-11-26 17:24:18,694 INFO: QIJC app starting [in C:\inetpub\wwwroot\QIJC-1\app\__init__.py:52]
2025-11-26 18:16:51,928 INFO: QIJC app starting [in C:\inetpub\wwwroot\QIJC-1\app\__init__.py:52]
2025-11-26 18:43:10,339 INFO: QIJC app starting [in C:\inetpub\wwwroot\QIJC-1\app\__init__.py:52]
2025-11-26 19:30:05,869 INFO: QIJC app starting [in C:\inetpub\wwwroot\QIJC-1\app\__init__.py:52]
2025-11-26 19:51:32,255 INFO: QIJC app starting [in C:\inetpub\wwwroot\QIJC-1\app\__init__.py:52]
2025-11-26 20:03:54,891 INFO: QIJC app starting [in C:\inetpub\wwwroot\QIJC-1\app\__init__.py:52]
2025-11-26 20:17:55,467 INFO: QIJC app starting [in C:\inetpub\wwwroot\QIJC-1\app\__init__.py:52]
2025-11-26 20:42:27,997 INFO: QIJC app starting [in C:\inetpub\wwwroot\QIJC-1\app\__init__.py:52]
2025-11-26 20:53:56,990 INFO: QIJC app starting [in C:\inetpub\wwwroot\QIJC-1\app\__init__.py:52]
2025-11-26 20:56:43,903 INFO: QIJC app starting [in C:\inetpub\wwwroot\QIJC-1\app\__init__.py:52]
2025-11-27 00:38:52,437 INFO: QIJC app starting [in C:\inetpub\wwwroot\QIJC-1\app\__init__.py:52]
2025-11-27 00:49:09,324 INFO: QIJC app starting [in C:\inetpub\wwwroot\QIJC-1\app\__init__.py:52]
2025-11-27 01:40:15,778 INFO: QIJC app starting [in C:\inetpub\wwwroot\QIJC-1\app\__init__.py:52]
2025-11-27 02:00:57,317 INFO: QIJC app starting [in C:\inetpub\wwwroot\QIJC-1\app\__init__.py:52]
2025-11-27 02:45:31,867 INFO: QIJC app starting [in C:\inetpub\wwwroot\QIJC-1\app\__init__.py:52]
2025-11-27 03:37:15,728 INFO: QIJC app starting [in C:\inetpub\wwwroot\QIJC-1\app\__init__.py:52]
2025-11-27 04:15:53,463 INFO: QIJC app starting [in C:\inetpub\wwwroot\QIJC-1\app\__init__.py:52]
2025-11-27 04:25:15,224 INFO: QIJC app starting [in C:\inetpub\wwwroot\QIJC-1\app\__init__.py:52]
2025-11-27 05:04:12,652 INFO: QIJC app starting [in C:\inetpub\wwwroot\QIJC-1\app\__init__.py:52]
2025-11-27 05:11:07,063 INFO: QIJC app starting [in C:\inetpub\wwwroot\QIJC-1\app\__init__.py:52]
2025-11-27 05:24:38,492 INFO: QIJC app starting [in C:\inetpub\wwwroot\QIJC-1\app\__init__.py:52]
2025-11-27 05:56:50,836 INFO: QIJC app starting [in C:\inetpub\wwwroot\QIJC-1\app\__init__.py:52]
2025-11-27 06:46:27,863 INFO: QIJC app starting [in C:\inetpub\wwwroot\QIJC-1\app\__init__.py:52]
2025-11-27 08:12:50,177 INFO: QIJC app starting [in C:\inetpub\wwwroot\QIJC-1\app\__init__.py:52]
2025-11-27 09:38:49,357 INFO: QIJC app starting [in C:\inetpub\wwwroot\QIJC-1\app\__init__.py:52]
2025-11-27 10:12:19,954 INFO: QIJC app starting [in C:\inetpub\wwwroot\QIJC-1\app\__init__.py:52]
2025-11-27 10:39:51,538 INFO: QIJC app starting [in C:\inetpub\wwwroot\QIJC-1\app\__init__.py:52]
2025-11-27 10:46:42,022 INFO: QIJC app starting [in C:\inetpub\wwwroot\QIJC-1\app\__init__.py:52]
2025-11-27 12:27:48,698 INFO: QIJC app starting [in C:\inetpub\wwwroot\QIJC-1\app\__init__.py:52]
2025-11-27 13:00:39,088 INFO: QIJC app starting [in C:\inetpub\wwwroot\QIJC-1\app\__init__.py:52]
2025-11-27 13:10:52,683 INFO: QIJC app starting [in C:\inetpub\wwwroot\QIJC-1\app\__init__.py:52]
2025-11-27 13:18:46,518 INFO: QIJC app starting [in C:\inetpub\wwwroot\QIJC-1\app\__init__.py:52]
2025-11-27 13:46:38,278 INFO: QIJC app starting [in C:\inetpub\wwwroot\QIJC-1\app\__init__.py:52]
2025-11-27 13:52:46,667 INFO: QIJC app starting [in C:\inetpub\wwwroot\QIJC-1\app\__init__.py:52]
2025-11-27 15:02:59,184 INFO: QIJC app starting [in C:\inetpub\wwwroot\QIJC-1\app\__init__.py:52]
2025-11-27 16:10:35,281 INFO: QIJC app starting [in C:\inetpub\wwwroot\QIJC-1\app\__init__.py:52]
2025-11-27 17:10:39,621 INFO: QIJC app starting [in C:\inetpub\wwwroot\QIJC-1\app\__init__.py:52]
2025-11-27 17:22:44,273 INFO: QIJC app starting [in C:\inetpub\wwwroot\QIJC-1\app\__init__.py:52]
2025-11-27 17:25:13,123 INFO: QIJC app starting [in C:\inetpub\wwwroot\QIJC-1\app\__init__.py:52]
2025-11-27 17:41:44,252 INFO: QIJC app starting [in C:\inetpub\wwwroot\QIJC-1\app\__init__.py:52]
2025-11-27 18:43:58,041 INFO: QIJC app starting [in C:\inetpub\wwwroot\QIJC-1\app\__init__.py:52]
2025-11-27 19:08:25,966 INFO: QIJC app starting [in C:\inetpub\wwwroot\QIJC-1\app\__init__.py:52]
2025-11-27 19:08:30,598 INFO: QIJC app starting [in C:\inetpub\wwwroot\QIJC-1\app\__init__.py:52]
2025-11-27 19:52:04,760 INFO: QIJC app starting [in C:\inetpub\wwwroot\QIJC-1\app\__init__.py:52]
2025-11-27 20:08:22,274 INFO: QIJC app starting [in C:\inetpub\wwwroot\QIJC-1\app\__init__.py:52]
2025-11-27 20:45:58,296 INFO: QIJC app starting [in C:\inetpub\wwwroot\QIJC-1\app\__init__.py:52]
2025-11-27 21:02:40,009 INFO: QIJC app starting [in C:\inetpub\wwwroot\QIJC-1\app\__init__.py:52]
2025-11-27 21:35:53,892 INFO: QIJC app starting [in C:\inetpub\wwwroot\QIJC-1\app\__init__.py:52]
2025-11-27 22:08:41,867 INFO: QIJC app starting [in C:\inetpub\wwwroot\QIJC-1\app\__init__.py:52]
2025-11-27 22:37:13,261 INFO: QIJC app starting [in C:\inetpub\wwwroot\QIJC-1\app\__init__.py:52]
2025-11-27 22:48:21,745 INFO: QIJC app starting [in C:\inetpub\wwwroot\QIJC-1\app\__init__.py:52]
2025-11-27 22:59:07,702 INFO: QIJC app starting [in C:\inetpub\wwwroot\QIJC-1\app\__init__.py:52]
2025-11-27 23:04:14,817 INFO: QIJC app starting [in C:\inetpub\wwwroot\QIJC-1\app\__init__.py:52]
2025-11-27 23:09:02,739 INFO: QIJC app starting [in C:\inetpub\wwwroot\QIJC-1\app\__init__.py:52]
